482749
460177
481128
484575
474082
479637
434597
487619
484689
439681
487913
486385
481731
484443
454864
456245
468435
469973
491981
483564
485778
483653
478085
489123
488884
489125
485483
457844
486262
486055
479943
482744
482149
485315
487462
445243
484845
479914
481339
487417
495787
483357
459912
478904
467322
477486
487708
462209
447855
484786
449866
481942
488433
476167
460372
477841
478102
483057
448841
479377
487856
494499
448043
465287
486975
486667
483497
451814
482474
485593
482059
487047
475178
480188
488498
487714
459326
485963
479546
468071
480776
486473
479286
442310
488223
488958
484529
481562
485100
483423
489001
489102
486935
488163
488236
476993
487545
487151
495787
450589
455263
475770
483530
489674
481197
455809
486195
485358
487910
469571
445003
480805
486610
439851
487574
465500
489082
485817
445704
471485
487843
485145
478792
466244
436830
487880
486372
441202
481621
487727
492966
465406
483773
483169
468872
464342
485776
481711
484310
481428
486627
478042
489409
488473
486044
485579
488926
484149
479921
482392
460857
458301
493961
486075
445944
447323
486289
489608
484864
485548
481201
453066
486173
482797
485621
488340
489816
474048
461624
484953
465167
486951
485085
453740
488745
488654
489693
481176
445978
458133
483240
481514
486298
486001
485731
486130
487454
481622
453657
484880
482370
454725
493518
434206
490249
481067
486529
482251
477953
457420
492844
484434
481782
486819
451509
477756
487670
484541
486560
480403
488958
454443
487291
459676
491715
449916
485102
487845
482401
441438
466056
489049
481483
441758
485712
483867
485322
487498
484773
489710
466223
480578
479942
484616
486739
481537
479100
462488
483168
488200
486201
486220
474298
490470
490253
480499
465397
483646
487952
481437
490599
445952
471635
484467
484675
481356
490122
488497
484336
482972
484787
485283
479519
474110
482027
479171
486121
488473
483260
486807
483269
487961
478335
460681
488396
486846
487639
491280
455179
483068
488387
489343
486766
485432
485551
487475
457099
456770
487928
490355
484867
478333
439641
486163
486487
482145
483489
468788
465934
444886
477651
487302
486958
489803
486754
482469
481096
482204
447470
482589
485463
485645
484357
482458
486543
485872
483193
450998
485000
439821
481336
478559
484196
488204
481897
489297
485562
488006
488333
485997
486019
472552
449155
489973
490958
483586
465928
466086
485928
478778
433434
458960
490006
486591
481905
481188
454757
447788
484481
489216
487463
486557
483782
488554
457647
485556
486785
487588
431601
484011
484427
491500
474273
485767
488322
472070
488822
483511
482561
469134
454866
442690
455183
462572
487896
479566
486557
480665
486074
485783
486904
449475
444829
486276
483826
486154
488912
487370
487189
480880
488275
486546
473760
488699
483570
477960
452458
484738
455156
468056
444427
485013
482748
486310
491013
482478
468022
484316
486485
487489
479147
483938
429085
488601
486070
475643
456596
489501
488603
489139
485534
454776
484445
482236
487289
449373
487693
452416
456893
487186
483793
486464
485492
489279
444048
445207
443811
484711
487651
485559
491190
481931
483523
446337
486383
488920
487701
486801
484619
476929
485896
488637
495471
488537
478653
459133
484924
485131
486845
486873
454902
483729
429322
479317
446566
455300
486349
434982
486814
489645
452577
484886
485430
484668
488733
488464
485797
489683
487640
487842
489684
481211
474411
450482
486881
493574
461942
485789
487157
488611
485375
438962
493354
482862
485955
488176
459661
473573
461375
487725
481285
483192
443038
485232
466993
487151
483188
485994
484925
471739
491451
487874
483980
486812
480716
456917
479710
486640
486825
488582
482178
452423
489286
481274
481512
483394
487049
430227
460359
486661
486356
488436
442306
490336
487959
436495
485945
487139
478721
487211
439821
486294
434412
480054
488221
488074
492899
475524
482894
479844
442487
485001
487731
484486
490488
483485
487819
442282
491748
484067
482960
480977
486153
476690
486040
486841
444944
440755
489966
484547
444232
443592
483134
495103
485059
487848
488025
484626
478765
462550
480467
481280
485979
486835
479072
483629
487389
487716
483059
485749
483657
446097
486383
484083
487344
476021
483373
452730
490216
484576
487548
489603
475456
442153
487931
486600
457459
489780
487029
484154
486990
484656
459625
484503
482130
423684
488336
473441
483578
476110
431811
433759
486167
463739
480456
486649
483505
477999
475602
482279
485481
488059
476746
456586
487192
489028
488019
487578
487004
484215
476529
456705
489222
440101
444131
476057
486113
480805
486066
477693
484885
487443
489795
484936
449455
480932
478994
484059
483906
444308
487006
484422
485816
492442
486513
480180
487206
482929
469288
483791
485034
490861
462704
480914
485204
489489
456063
488108
487680
487956
480472
488905
477558
482501
482928
489949
484357
471283
489482
486935
477949
483865
485693
473300
478302
485060
479545
473125
456508
486578
486058
478981
482802
481946
488893
487200
481010
486708
486286
473692
490174
456059
473455
487093
460113
486552
486453
437509
477059
426983
473100
486267
486616
486137
446372
483213
485838
483645
479871
485346
488560
488424
486408
486112
464258
484883
486114
487149
448304
486166
486126
449145
457157
492620
488594
484786
476873
481737
489074
457745
444963
447411
487072
487431
444176
488060
489790
486530
452031
489892
486985
485612
485017
491379
454996
456957
486802
484774
469140
484848
485679
483304
449393
481052
483832
486623
450776
483762
490573
487788
483782
483461
425850
484122
459405
482489
489455
481520
453134
487696
453757
446456
480850
483824
484694
486248
436040
482850
478370
485370
478003
479702
482093
489348
487557
489139
480859
484492
445907
466549
456651
488491
468451
486818
481045
484574
479803
449424
461999
447225
486615
484748
487813
449143
481736
456527
443158
429218
481321
486367
465720
484054
485673
460604
486859
435978
480826
474525
481997
454716
484992
485856
461821
466206
481830
453375
485595
460833
485362
482533
450452
448989
472157
480654
484662
456354
488125
480706
485795
484431
480769
486726
487616
484156
490180
489212
444077
456198
481236
483600
486165
453510
485990
484596
485371
485437
486430
441452
488152
448960
454901
482039
486760
450071
483214
487170
485194
488361
427396
484519
451936
488132
484941
484015
448887
489656
483949
487629
486055
465198
486695
432172
489720
482834
486246
485096
488080
455310
463177
490544
488357
486863
473289
487420
453635
480465
458308
445336
492642
477841
488543
447291
490740
477298
479719
448770
481652
489733
487149
488124
486148
489141
487738
482626
489333
486957
484053
480937
487337
464245
485574
477946
486054
483962
478552
485898
443706
482578
465469
482038
481598
487661
485276
486034
452206
482440
484742
486822
485629
485720
486261
487061
462891
456068
473861
455290
479572
