4228475
4226747
3980523
4229617
4228126
4227071
4221381
4223035
4225689
4222624
4226910
4228363
4226790
4038388
4215292
3798576
4224057
4229776
4224597
3932494
4228082
4224737
4230296
4227122
4226674
4230086
3922615
4226584
4226470
4227043
4221018
3792301
4225577
4225050
4224610
4228813
4003690
4226659
4226610
4225719
4230418
4227089
4230550
4225916
3922799
4226802
4223522
4230605
4224285
4229297
4228818
4224232
4227751
4221325
4225018
4229742
3943285
4065128
4221849
4030672
4232719
4225264
4226938
3996967
4228937
4221188
4229418
4225298
4227170
4218518
4229551
4003247
4228978
3951997
4218939
3786917
3983334
4227357
3972923
4233777
4220174
4231468
4222579
4006065
4222716
4227605
4223262
4226438
4094193
4229308
4228927
4226934
4228211
4223912
4225546
4224204
3768668
4053838
3910859
4222681
4231025
4224006
4233785
4225898
3756576
3772837
4223358
3929458
4140896
4227728
4225433
4224883
3998189
4001833
4115980
4228613
4226191
4216932
4219007
4231065
4223485
4223638
4138496
4212317
4229014
4226883
4218899
3936169
4228036
3796422
4216634
4228778
4226438
4228728
4227909
4222774
4222395
4227591
4224307
4229764
4220946
4224454
4216374
4226632
4222487
4226985
4229639
4220744
4224389
4225011
4226379
4217713
4220797
4226379
3773419
4228268
3811105
4218921
4229070
4228040
4222403
4220640
4149805
4056253
4223620
4227117
4224229
4226899
4226838
4053227
4054073
4229247
4224056
4227222
4225369
4226498
4221684
4221862
4220976
3881917
4054404
4198461
4219911
4223128
3929663
4229461
4009242
4121182
4223148
4220305
4229153
4228377
4048931
4218785
4227377
4057594
4230051
4228922
4225528
3795803
4230527
3966266
4228010
4230115
4231154
3793573
4216870
4227522
4222679
4057366
4081539
4226903
4229402
3808702
4220104
4227016
4221887
3850778
4226078
4227554
4225284
3785186
4219034
4222827
4221142
4076324
4219037
3817918
4078521
4226572
4226503
4230761
4229985
4226694
4222173
4221569
4046569
4224667
4220774
4229198
4228445
4224845
4224733
4219011
4225577
4129650
4224788
4218764
4230153
4225420
4220841
4160410
4062057
3951339
3963460
4227405
4220180
4230397
4221209
4223533
3768599
4221782
4227170
3899875
3969919
4225835
4226750
3929902
4225019
3985636
4220166
4219998
4219445
4227878
3958705
3794893
4222593
4218044
3989643
4191798
4226864
4051264
4157386
4223457
3780620
4224414
4222917
3790615
4221628
4222364
4007292
4221221
4217201
3933931
4224493
4224273
4044667
4219688
4231101
4228778
4221450
3932469
4225671
4220067
4222440
4224739
4220603
4230237
4223968
3765254
3742111
4228005
4222146
4219835
3768260
3977528
4226123
4221549
4219262
4228297
4229606
4225695
4036422
3988162
4224511
4230288
4222907
4227164
3820023
3784143
4228418
3765653
4220495
4223620
3798533
4055462
4228772
4230090
4222612
3967591
4224359
4224955
3987211
3731289
4229560
4225040
4229594
4225409
3991177
3777247
4215389
4228188
4226051
4228945
3948138
4083821
4229077
4226140
4228795
4220369
4223545
4221974
4227806
3897417
4228723
4227280
4219533
4226873
3793044
4226443
4228197
4229972
4227510
4224911
4225407
4224802
4223285
4037306
4223005
4224501
4222121
4212556
3798435
4220678
4227622
4223199
4222597
4225225
4183712
3773795
4227953
4226206
4222803
4227367
4224633
4230549
4227366
4222259
4220760
4230137
4222369
4230274
4226977
4217540
4227179
4219680
4223448
4219994
3886330
4222381
4221442
4067276
4228790
4230508
4226422
3949988
4224280
4220662
4229339
4220870
4232489
4224710
3755523
4220092
4075534
4098812
4224193
4219064
4228955
3786382
4221156
4056878
4229909
4224429
3960112
4222766
4218887
4229181
4226411
4232592
4219799
4226471
4219493
4224264
4226169
4219165
3770357
4054194
4069905
3916199
4225050
4224951
3952420
3969831
3942700
4220433
4229300
4228750
4052918
3774414
4225565
4227603
4064230
4224955
4224748
4230283
4051861
4222974
4225944
4220248
4218283
3958997
4067925
3777388
4225062
3947684
3799011
4203886
4231493
4226730
3987167
4225195
4225526
3978678
4226495
4228082
4237113
4224234
4226749
4227067
4219680
4225662
4048411
4226831
4227735
3967890
4226339
4229623
4217054
4052302
4043169
4227773
4224362
4223848
4187362
4221523
4229235
4227111
4225378
4219339
4226350
4225451
3780729
4227062
4220509
4221921
4230962
4228633
4224621
4220634
4225543
4223220
4139992
3988748
4220263
4222611
4226765
4227633
4220884
3979076
4228859
4229999
4224745
4223688
4228316
3966273
3973472
4220949
4231689
4228397
4183375
4058024
4225828
4225852
4218008
4065238
4230518
4231480
4228030
4226458
4228447
4225778
3953913
4227508
4229491
4222363
4222472
4231010
4221134
4227347
4230987
4223572
4227768
4222967
3998556
4225628
4227842
4148826
4228735
4229081
4230400
4227569
4228399
4231516
4059510
4227219
4217596
4111285
4227318
4230470
4223073
3989243
4223594
4228400
4225330
3927391
3770803
4226393
4223449
4228614
4223454
4229002
3786857
4224736
4226416
4225922
3975500
4228848
4225830
4228481
4223961
4229068
4219968
4227978
4228950
4223753
4227984
3989756
4227415
4227259
3913224
4230398
4225374
4097663
4224392
3955470
4221925
4226925
4027554
4226271
4219094
3761439
4230305
4047560
4061372
4229517
4224484
4228376
4225626
4222645
3930520
4215204
4065662
4228813
4228625
4003994
4217911
4227967
4225754
4225696
4229173
4052145
4231067
3972250
4225824
3883661
4226024
4224804
4217036
4226680
4100148
3768561
4226911
4226552
3716138
4222954
4224950
3945615
4230174
4125114
4228419
4226394
3816058
4224958
3953881
4226108
4220567
4226214
3920579
4222722
4050413
4222405
3983330
4228089
3850610
4216257
4224906
4228512
4230856
4030984
4223171
4226520
4226422
4223111
4218334
4221999
4068847
4229036
4220475
3743905
3780149
4227062
4225189
4227353
4214788
3995651
4216354
3829024
4071586
4230064
4227697
4226302
4228491
4220774
3799781
4233257
4219949
3760834
4227477
4226781
4156844
3955824
4073054
4226410
3921655
4226486
4232220
4221385
4223499
3952429
4225909
4225270
4226993
4230054
4220764
4226973
3980453
4227698
4225342
4220738
3711830
4229627
4225008
3766104
4224066
4054653
4229161
4229635
4223711
4220427
3928764
4223007
4227695
4228727
4221110
4226156
4229234
4222744
4230007
4221268
4221723
4229803
4228736
4067163
4076359
3876845
4226816
3752696
4230466
4227726
4221469
4216905
4224518
4225885
4226372
4228276
4002185
4229772
4224839
4223209
4093337
4219092
4229378
4226181
4227704
4227086
4082360
4230157
4220955
4049911
4217080
4225401
4225558
4194185
4222330
3790603
4225237
4230937
4225567
4230385
4227506
4226713
4228709
4221258
4228292
4227886
3775420
4229082
4222061
4226692
4227386
4225277
4220037
4059792
4049545
4225936
4234361
4227243
4230334
4226078
4225715
4222762
4228862
4227926
3786667
4064631
4226569
4220158
4223983
3939855
4221997
4224198
4227348
4229828
4052010
4231416
4074154
4131789
4057592
4226004
4003092
4041709
4051264
4230733
4224173
4229927
3764770
3741750
4221767
4226684
4224745
4226244
4227162
4141751
4228109
4232618
4225856
4225081
4228507
3796008
4223868
4227989
4220887
4227988
3921926
4226347
4224071
4124836
4224604
3885588
4055579
3846347
3989356
3911652
4228521
4057113
4222312
4230580
4056121
4226971
4223558
4226040
4075106
4222922
4218053
3830168
4226916
3829925
4222136
4226305
3969907
4229677
4220839
4224048
4228271
4228506
3780392
4051551
3922756
4221161
4229943
4219474
4230431
4227755
4229407
4095546
4232279
4142779
4222126
4228284
3942147
3953867
3770799
4228019
3973650
4220202
3989475
4226574
4227720
4218279
4236482
4219450
4225118
4228107
4222519
4228086
4232002
4031452
4227144
4230056
4220908
4226299
4229015
4085997
4232280
4225639
4222738
4227701
4223852
4226121
4228595
4225869
3714469
4217036
4227505
3810027
4229517
4225185
4229797
4228806
4225691
4221784
4223745
4228676
4226840
4227340
3804615
4224276
4220228
4056957
4229067
4226182
4225601
4221317
3969047
4221772
4218372
4217788
4228246
3783906
4112263
3960073
4218991
4222457
4226437
4228407
4223303
4221245
4098732
4222347
4227457
4217168
4224722
3946184
4228134
4227008
4227107
4224039
4224879
4220526
4224036
4226127
4068755
4223892
3965259
4224586
4226308
4228504
3791901
4229964
4220769
4226354
3916207
4059439
4221996
4221265
4223989
4226226
4223908
4228853
4219900
4234383
4227796
4224673
4221025
4222301
4224182
4226285
4098991
4226223
4001144
4224808
4228641
4225233
4085809
4221147
4227093
4227062
4063743
4221076
4224138
4225557
4226521
3949967
4227194
4223355
4229839
4223310
4064328
4228668
4222914
4140339
4063571
3882979
3804056
4063652
4229593
4224901
4227303
4046998
4220904
3962153
4084206
4222116
4228592
3759085
4222454
4224647
4219894
4221570
4219903
4218875
4228030
4227707
4225966
4221002
4229411
4229388
4227113
4228058
4223267
4136231
4221081
4051940
4217497
4225415
4094252
3801416
4218550
3979437
4221795
4228771
3817102
4221094
4226445
4228480
3789799
4226497
4224465
4035411
4222591
4223404
4063323
4230684
3815723
4227053
3732407
4228160
4219657
4221326
4219885
4226420
4223921
4224621
4220695
4222690
4225312
3872952
3794624
4035455
4230198
3789660
4219582
4128809
4195689
3993833
3774529
4227289
4225110
4230677
3792708
4226551
4228982
4228027
4225399
4220505
4221765
4229412
4224163
3730955
4224951
4224114
4213401
4231820
3785894
4224197
3814429
4221730
4225799
4230022
4229149
4221870
4225052
4228982
4223336
4226372
4230253
4224663
4229658
4218945
4227485
3995981
4163089
3845584
4222866
4224160
4226025
4227002
3794933
4219195
3714025
4065175
4224475
4219405
4062336
4229070
4221178
4139328
4226745
4119279
3902779
4221942
3872415
4226020
4226015
4226856
4230661
4221166
4224590
4219475
4218827
4033396
4220346
4227538
4227885
4225823
4227294
4222278
4224010
4228029
4064082
4229740
4223657
4226598
4232624
4229452
4218431
3776818
3773673
3782978
4223867
4230181
3969131
4224858
4222992
4221331
4061919
3864160
3984018
4220689
4224777
4224727
4228165
4222974
4224770
4226950
4221944
4230300
4222419
4233294
4227087
4227933
4222557
4225399
4026673
4228259
4230081
4228024
3770481
4220450
4228883
4225703
4229357
4221455
4221633
4224726
4221931
4229327
3773292
4159346
4219759
4220354
4053469
4224117
4131570
3766403
3719254
3784104
4227546
3767039
4224927
4225030
4225739
4221992
4221324
4230717
4198677
4220191
4228631
4227507
4229496
4229155
3879833
4229511
3779922
3913347
4232518
3942274
4223879
4220017
3767166
4226609
3959157
4062343
4228144
4223165
4224595
4228959
4232978
3788978
4221218
4228582
4234487
4218921
4224561
4225582
4226641
4226097
4223762
4226314
3779923
4219431
4049925
4222053
3777172
4225072
4221404
4055005
4066062
4220547
4061529
4227157
3802411
4221756
4227073
4221907
4226990
4222320
4227761
4229187
4219487
4222565
4227830
4227386
4096685
4224004
3962839
3789983
4227601
4225772
4219840
4225575
4229521
4229182
3875379
3963191
4228003
4084978
4228334
4227660
4215095
4224960
4225936
4230110
4089020
4227262
4224096
3913839
3998119
4227977
4223425
3926855
4055882
4226610
4230272
4228036
4227368
4226090
3962782
4223708
4228749
4225128
4218772
4001930
4223556
3963933
4230210
4086486
4225128
4070568
4226647
4226839
4230072
4205675
4234025
3818973
4072922
3794937
3928816
4226530
4224949
4224011
4228870
4226381
4227989
4223591
4225560
3922201
4227572
3962298
4225195
4224702
4223871
4222263
4221758
4222321
4224998
4221975
4223593
4218419
4227872
4228688
3781266
4229019
4221322
4228545
4041280
4230707
3761671
3974228
4227079
4225443
4226974
3926225
4226775
4227155
4221247
4051271
4226471
4226390
4225086
4037004
4225582
4230080
3821351
4228527
4222140
4221136
3799738
4227542
4222497
4226588
4221197
4223742
4221221
4220422
4227076
4226261
4226235
4224625
3922602
4221414
4229325
4228130
4153486
4227589
4009377
4226185
4140997
3781531
4228015
4227947
3920372
4225030
4084725
3763167
4224362
4227072
4230187
4217898
3828730
4218610
4219487
4227751
4227469
3978530
4222757
4219987
4226048
3772302
4225896
3959589
4226341
4118010
3954075
3977338
4233827
4223104
4225562
4226245
4222349
3799100
4223559
4220373
4227154
4224349
4064337
4227112
4224687
4217070
4223124
4221775
4216070
4229331
3966727
4227168
4231830
3928508
4226938
4224897
4227263
4220069
4218320
3943178
4229207
4227191
4228857
4226510
4225575
3883518
4223718
3980285
4225575
4218760
4227433
4227165
4223869
4219422
4049138
4228307
4229388
4228346
4225227
4086871
4229826
4227078
4221501
4226740
3809598
4222383
4229041
4226893
4222443
4117312
4225595
4208473
4229216
4227250
4228111
4224264
3766454
4221578
4220823
4227207
4226946
4223849
4057703
4229485
3982724
4226881
4213868
4227496
4225881
3905908
3898607
4226626
4226585
4228803
4094726
4229796
4227409
4227519
4229120
4222212
3781904
4220944
4220562
4228046
4223963
4220893
3775457
4233712
4228459
4222838
4227490
4227984
4216968
4058195
4223043
4226799
4229812
4224038
4227903
3960796
4001120
4225575
4228019
4228150
4223590
4229789
4227085
4226610
3758829
4226352
4226323
4219368
4228995
4051338
4222631
4227050
4226005
4225766
3776153
4223163
4217950
4216688
3906678
4064589
4229985
4143858
4136774
3998577
4219879
3971170
3988233
4226984
4232106
3935304
4228254
4223637
4220335
3960505
4227951
4228423
4221867
4217250
4222379
4081018
4233072
4222790
4223319
4226800
3964350
4228679
4223099
4225023
3841230
4046429
4226364
4228063
3851269
4218781
4226399
3953221
4223397
4228140
4228524
4226456
4233633
4226752
4229492
4220393
4220424
4223064
3780282
3853182
4055540
4056120
4220238
4226902
4229258
4068670
4228077
4220361
4046164
4228635
4220335
4219117
4225505
4225273
4224590
4104317
4226189
4147250
4230959
4216869
4224441
4225333
4224755
4222373
4227155
4226312
4088926
4226302
4184801
4235280
4223057
4221046
4222114
4229216
4228356
4226660
4232528
4230904
4232840
4070170
3878660
4226533
4226309
4227491
3800918
4226251
4232054
4230101
4226317
3939798
4222425
4227087
4087770
4222789
4230405
4228368
4220415
4229305
4227052
4228000
4214279
3907500
4222393
4095572
3815406
4230953
3750403
4226823
3775617
4216411
4228260
4218778
4227250
4228705
4218681
4227298
4231450
4227854
3963439
4227112
4053186
4225490
4222891
4227897
4228265
4225076
4227401
4234418
4231883
4225805
4229370
4204791
4225987
4226792
4216491
4069183
4226886
4229054
4227652
4051879
3912329
4229550
3933610
4232502
4226345
3879384
3946538
4224195
3975450
4010254
4218933
4189209
4226811
4227501
4226276
3760034
4047909
4231950
3749968
4224530
4229178
3974048
4228888
4052546
4222898
4216107
4216948
4222199
4226421
3965028
4218472
4219623
4067549
4224030
4224615
4221103
4218246
4059606
4225981
4224968
3873861
4226349
4224899
4222083
4227383
4221219
4227491
4227053
4230459
4226390
4066829
4228071
4231031
4226641
4228724
4222240
3927978
4223620
4038531
3774705
4223289
4216433
4228612
3899130
4230565
4223327
4224866
4221606
4228066
4226494
4070114
4067040
4052945
4220827
4227966
4216655
4227040
4035829
4226148
4224316
3768454
4229203
3956179
4218630
4227646
4219210
4226456
4228859
4221944
4229562
3967554
4228999
4056502
4225177
4226772
4217587
3995988
4223249
4228889
4220017
4129967
4229475
3779143
3975447
3766900
4226711
3930228
4229788
4226985
4056024
4227283
4226913
4228948
3957492
4053387
4223672
4226381
4229492
4222618
4222363
4223554
4222274
3774933
4224377
4226514
4221475
4223434
4226277
4227396
4224765
4226779
4220385
4077937
4069723
3783998
4223786
4223489
4235048
4217805
4227046
4054474
4227321
4221756
4228749
4054926
4225432
4228871
4220991
4228332
4227258
4232457
4231178
4053875
4225770
4226455
4221604
4219953
4226466
4228400
4223156
4220564
4227269
4222642
3778126
3767211
4227285
4222765
4029494
3958169
4213838
4229061
3912644
4049449
4221420
3743613
3759787
3978641
4228138
4224550
4228955
4218726
4221163
4224261
4229479
4222268
4226170
4226697
3761893
4219819
4231211
4227339
4220465
4227300
4226244
4223480
3960069
4222720
3894544
4058703
4228614
4229333
4223794
4222090
4059142
4225177
4222399
4230334
4214404
4219845
4220999
4228249
4228891
4046534
4220854
4230068
4225804
4223888
4221311
4226971
4228340
4224401
4067771
4230826
4225047
4227375
3916357
4053573
4056431
4232491
4221947
4221841
4218497
4227138
4229884
3762754
4230031
4221918
4225210
4228527
4219877
3780162
4224574
4226807
3935303
3807790
4221973
4224331
4232266
3778496
4225161
4230228
4221546
3982548
4044606
4222786
3714391
4223161
4220553
4229500
4226502
4226878
4226093
3765123
4230589
4221374
4031545
4229430
4220025
4229131
3813242
4205106
3842476
4071968
4229668
4225386
3998247
4228197
4226138
4225725
4226428
4221075
4058213
4222933
4228899
4221028
4227189
4227233
3813426
4228242
4225095
3988131
4228081
4231588
4221509
4225910
4228296
4229335
4226348
4213440
3918590
4225975
3955811
4221783
4221530
4233337
3786071
4214729
4220911
4230512
3934902
4226128
4228580
4226312
4222705
4229813
4226206
4225880
3801641
4057757
4215148
4228564
4229786
4228683
4224120
3725163
4135537
4221529
3924797
3973326
4225137
4228578
4228550
3961027
4219274
4132338
4218640
4229531
4225731
4223082
4223428
4216921
3804614
4227362
4115940
4226763
3957947
4225892
4225608
4227947
4232241
3973062
4223846
4227423
4226327
4227052
4219574
4223617
4225244
3963167
4225899
4228097
4226139
4224581
4232422
4228229
4216676
4226299
4225494
4228406
4219173
4220917
4221536
3817267
4030685
4226720
3970506
3994182
4227747
3779188
4230928
4057303
4230285
4229483
4224160
4230982
3982742
4222546
4224506
3750305
4224628
4217924
4224097
4219106
4138681
4227410
4070141
4088088
4055999
4227649
4222458
4224362
4223897
3993381
3907440
4227024
4082073
4227451
4228714
3793919
3912444
4218296
4226523
4225251
3809654
4222655
4218435
4221733
4227374
4073583
4229825
4067667
4227309
4225036
4227838
4225170
4227124
3958382
4216853
4213564
4080512
4227155
3980305
4217995
4223471
4229186
4223384
3968624
4222732
4223661
4223097
4219971
3980347
4031894
3966111
4218670
4228204
4221779
4128455
4231714
4229584
4229559
4225689
4227229
4227984
4228033
4220822
4226558
4227195
3769013
4218599
4229725
4225225
4228952
4222626
3986004
3930376
4068034
3790554
3956397
3800379
4221730
4223547
4227196
4224012
4226767
4143671
3782685
4223738
4226387
4230317
4228093
4227582
3763099
4226244
4225971
3816618
4225051
4227892
3763150
4228536
4062238
3974152
4224991
4225640
3818562
4228611
3793975
4050699
4227730
3870109
4227706
4224353
4230344
4218448
3714165
4228394
3953959
4006198
4225842
4224962
4003208
4226599
4223928
3760411
4225862
4218832
4223639
4226870
4230483
4223715
4220130
4222843
3766175
4227379
4223055
4223778
4048514
4234783
4096609
4228317
3916442
3965361
4228700
4228375
4220953
4222131
4072328
4224862
4087414
4128573
3979837
4102540
4228103
4139208
4224936
4228525
4229561
4217594
4190814
4131291
3780363
4228166
4224697
4230541
4227072
4225185
4232336
4226019
3946796
3994677
4220086
4226556
4220554
4228828
4230928
4228065
4222068
4219180
4222961
4229544
4226481
4051441
4225234
3970232
4226858
4136293
4069705
4223670
3920016
3927754
4231839
4223179
4220777
4074649
3916392
3899221
3912890
3779033
4223707
3818328
4228460
4229795
4226954
4133639
4230531
4228707
4222985
4227730
4225078
4051953
3932975
4223227
4223634
4224474
4224692
4229405
3956249
4223347
4222321
4229258
4226285
4195523
4223758
4226453
3771662
4226700
4218504
4230160
4228122
4225976
4228041
4228345
4088779
4224278
3978694
4230438
4230201
4228438
3906330
3934560
4219419
3780182
3984366
4226643
4220612
4226531
3805806
4226414
4223105
4225151
4224385
4060396
4223224
4222964
4223285
4225020
4224316
4223265
3992276
3781655
4228598
4226243
4218650
3772147
4228395
4228965
4228967
4083576
4227869
4228038
4228631
4227378
4231723
3783411
4229983
4229117
4224542
4226864
4226363
4224668
4052727
4223124
4224478
3748477
4031766
3725273
4229048
4226139
4225282
4225220
4225085
4227197
4228551
3956049
4217687
4231513
4040567
4070263
4228155
3793750
4226435
4221852
4234217
4234954
3973643
3761595
4226114
3940205
4222434
4219590
4227229
4220464
4223542
4220965
4084774
4228378
4167598
4227059
4229605
4222660
4079420
4220426
4226278
4227760
4225415
4222995
4229587
4226340
4226458
4221676
4221360
3959467
4225399
4051385
4229830
4228506
4231172
4229508
4226812
4223838
4227219
3725933
4229628
4226111
4224944
4228214
4223040
4227248
4221379
4225169
4213022
4235235
4072628
4216784
4225771
4230176
4227084
4227438
3916149
3896693
4136740
4158749
4079284
4225792
4227383
4220315
4219230
3795840
4227920
4225417
4222667
4227306
4226218
4228335
4225319
4221758
4230629
4227152
4228326
4227879
4227011
3888671
4230267
4228817
3940392
3899556
3964374
4227286
4221442
3953416
4228441
3977386
4223432
4229963
4218895
4227499
4171875
4231078
4222353
3737896
4222282
4221261
4215785
4219018
3846756
4227150
4225239
4219067
4226638
4127577
4226950
3766857
4220994
4144648
4219772
4232011
4098248
4225805
4180771
4227570
4223496
4230835
3987213
4225376
3986211
3770258
4231572
4230381
3782492
3751046
4228479
4231398
4230410
4231896
4227467
4228327
4218538
4229377
4221940
3912531
4228072
4218743
4225526
3781468
4227821
4223542
4227533
3928928
4229812
4224908
4227428
4227386
4222775
4227824
4072694
4219895
4226412
4227200
4229948
4230943
4049025
4226176
4223286
4227384
4229786
4228743
4220147
4228349
3873394
4228471
4216079
4221426
4228957
4225583
4217444
3907725
4226841
4217252
4226560
4223366
4227384
4229969
3951440
4224619
3914379
4232461
4224181
4219975
4227792
4222959
4227075
4228222
4219658
4224464
4224432
4223883
4224882
4220241
3775373
3791236
4146303
4227742
3802955
3989312
4225806
4226848
3967420
3933909
3968823
4223254
3796182
4213882
4226507
4218584
4051073
4231922
4221645
4224617
4232515
4225870
4115374
4226739
4134355
4226291
4226286
4220528
3908252
4224525
4227973
4226266
4228142
4229099
4224629
4223319
4058251
4222659
4223141
4228119
4195735
4221327
4210830
4217268
4225018
4228106
4225425
4221652
4061434
4070259
4224380
4227659
4229729
4223628
4223303
4227339
3843434
4225586
4219290
4224713
4226719
3765600
4224006
4216577
4225865
4199031
4228387
4048949
4226496
4226290
4227465
4225332
4052086
4224744
4228076
4224647
4224555
4228395
4223779
4225775
4228981
3944457
4219704
4065478
4226526
4224188
4224276
4230095
4031744
4010975
4226351
4226996
4222843
4134280
3754623
4225106
4060961
4223948
4221952
4225615
4055470
4215011
4226411
4216098
4225888
4222193
4221757
4230454
4227331
4221942
4043223
4231445
4139941
4229795
4226241
3884883
4229150
4224414
3792079
4219456
3764545
4082630
3811219
4222969
4227573
4147176
4219836
4223484
4225346
4223029
4228277
4026699
3906622
4226916
4227913
4225119
3980296
4220125
4230868
4228204
4227448
4227004
4229518
4221398
4228166
3785620
4227390
4228012
4225549
4222056
4231460
4224556
4223351
4224631
4058724
4220550
4229301
4226853
4226797
4226430
4223446
4220878
4224094
4226288
4052556
4219717
3952270
4072793
4225286
4227867
4229168
4226667
3826008
4226736
3898289
4226535
4216050
4224603
4222456
4229405
4008947
4225490
4225593
4228933
4229498
4226262
4221321
4223284
4226810
4228519
4225609
3758395
4027775
4219359
3802217
4051198
4233383
3793639
4230138
4231115
4228657
4222255
4219633
4218740
4229404
4227167
3957834
4233035
4221096
4228850
4218973
4226414
4219154
3736118
4135925
4225759
4229532
4233464
4229869
4062778
4221438
4227907
4049027
4094729
4225495
3810350
4199103
3782325
4220243
4212490
4228010
4225634
4227117
4228475
4227868
4224871
4095818
4146694
4227305
3936918
4226841
4224533
4226812
3977570
4227769
4225950
3912236
3834905
3842036
4227410
3994692
4156410
4226209
4227082
4226999
4228616
4150954
4224499
4227871
4227926
4194498
4171869
4059262
4070948
4228907
3771274
4229635
4221065
3761305
4142574
4223225
3746608
3957825
4226519
4230533
4221331
4229898
4225831
4225067
4222336
3940288
4228694
4229323
4219500
4220683
4227579
3776678
3758706
4229589
4219721
4230513
4226260
4226385
4217483
4229566
3748984
4229738
4227623
4140678
4228903
4223902
4217522
4223412
4228361
4221421
4224001
3800919
4219541
4223458
4228117
4226905
4191035
3778654
4230482
3983172
4228537
4234324
3778090
3985748
4223249
3787946
4227067
4223248
4222011
4222086
4225720
4228689
4227828
4228552
4224491
4226875
3984518
4226511
4227932
4225101
4221316
4048025
4228971
3917363
4221051
3975729
4228456
4057623
4225319
3944014
4231069
4227117
4223991
4224192
4218062
3915798
4226910
4225419
4225156
4229807
4227685
4220419
4222443
4229135
4219124
4228390
3849289
4222357
4228581
4226884
4227371
4222381
4214201
3761119
4227864
4229161
4222691
4226633
3762539
4101212
4226810
4094056
4222868
4227781
3977533
4229797
4220079
4229789
4133320
4225268
4232016
4233247
4226732
3899135
4227780
4228165
4226541
4051091
4227150
3914077
3826556
4225626
4226194
4229012
4221531
4226942
4083417
4226297
4218797
4227425
4222888
3906287
4221309
4225895
4230201
4227388
4049108
4226323
4230698
4039229
4226668
4222721
4215449
4049460
4220291
4230255
3879192
3802997
4218792
4223638
3918645
4221989
4226385
4227773
4231559
3764164
3930861
4224555
3768002
3989724
4219575
4221589
4222491
4220756
4225118
4225534
4228020
4214709
4227486
3994267
4048913
4225728
4227132
4226829
3949471
4061971
3761248
4229517
3777619
4224478
3771974
3992365
4224017
4224382
4221766
4214538
4224217
4224239
4226615
4224892
4222156
4232684
4224878
4227212
3751779
4226929
4220766
4226895
4226251
4069718
4227986
4097898
3771669
4227690
4229505
4221916
3969380
4219574
3994985
4226290
4223587
4233609
4223618
4228301
4095253
4224827
4222453
4226105
4034764
4228276
3947135
4230525
4227357
4226224
3913699
3778404
4226357
3953170
4231185
4201549
4226744
4223184
4227413
4227364
4234195
4229706
4197194
4220450
4227344
4225749
4227272
3760174
4222940
4227294
4233391
3774941
4090588
4219150
3738319
3773667
3989050
4220839
4221440
4223672
4227716
4061693
4227961
4228715
4229692
4227957
4044218
4227782
4224707
4227663
4226144
4224539
4225015
4224912
4228208
3776812
4226471
3999044
4227380
3782184
3920720
4223626
4073664
4222246
4218629
4223083
4226815
3963409
4220743
4227213
4078624
4217476
4224761
4220568
4227013
4227293
4221394
4225925
3989097
4232514
4221008
4050844
4225363
4206162
3952393
4229228
4082404
4224712
4227403
4222084
4004274
4139469
4227749
4228461
4222157
3980019
3850500
4227644
4228125
3778707
4227679
4227445
3942948
4005397
4223729
4228978
4070949
4230149
4225406
4224562
3807251
3874712
4218261
3765770
4226540
4228030
4219770
4230961
4216825
4233233
4231555
4221832
4228419
4225421
4220989
4222805
4049624
4224431
4228795
4230574
4228610
4222703
4226632
4226488
4228610
4229246
4220475
4226429
4069850
3761600
3991026
4228449
4222392
4226394
4226554
4220381
4218132
4054038
4231866
4228014
4218740
4221171
4197256
4225488
4222568
4230716
4225000
3994522
4229964
4223803
3953688
4225637
4222886
4218844
4222694
4231913
4224295
4220176
4222283
4195195
4219869
4225733
4222878
4087135
4234498
4227311
3917432
4227205
4222463
4222615
4226268
4225359
4219574
4227480
4065599
4064837
4226058
4231995
4224127
4228148
4227828
3852763
3804332
4228054
3938018
4223729
4077288
3969812
3960672
4222352
4222707
4215906
4226378
4220262
4226597
4226280
4222447
4000776
3924124
3958599
3971534
4219628
4222710
4224119
4224675
4229029
4222571
3776450
4218974
3779951
4225291
4216691
4230452
3922893
4223393
4045497
4227744
4221948
4225230
4226332
4058607
4224195
4223776
4222341
4226762
4047462
4088208
4042071
4225759
4223025
4220514
4227359
4227270
4227242
3957137
4074975
4226248
4222999
3851042
3789679
4228526
3913661
4218395
4224128
4225900
4227929
4227577
4223328
4229007
3757620
4226010
4228112
4227128
4227688
4223377
3756079
4227695
4228284
3970141
4059845
4154785
3983080
4221099
4228384
3927264
4211842
4227849
4223608
4218401
4227608
4228336
4068507
4040857
4229476
4225990
4225385
4226744
4225892
4222370
4222028
4228395
4064633
4222627
4214095
4227323
4230592
3989785
4059379
4075562
4229648
3766421
4228669
4224279
4227086
4230665
4230651
4223815
3811657
4228914
3918407
4228476
4225160
4226399
4207035
4218968
4228807
4226239
3785490
4226896
4226917
4225419
4085793
4219287
4225861
4226884
4222364
3835886
4226848
4058993
4227675
4228882
4227975
4224926
4222263
4155830
4132147
3720072
4056436
4223722
4050047
4233205
4226796
4226120
4008210
3937980
4225570
4226161
4224504
4061675
3992512
4221201
3964777
4223559
4222968
4220762
4223628
4223097
4222319
3845774
3795479
4228720
4226488
4227280
4226693
4227996
4230459
4221994
4222400
4225891
3852359
4219987
4230067
4223766
3792216
4228043
4222105
4222438
4219959
4224801
4055025
4227131
4223618
4221286
4224085
4226562
4227244
4097347
3987751
4223756
3986266
4226088
4228196
4218252
3847386
4228960
4226591
4192576
4218670
3800289
4228950
3717163
4226645
4223240
3766623
4222569
4224463
4076505
3799606
3993885
4223019
4223438
3883489
3823310
4223287
4222568
4224536
4065192
4226212
4058107
4227791
4217915
4223498
4225793
4226130
4230277
4227911
4093083
4224118
4227685
4220478
4226438
4225806
4070513
4229573
4071691
4232010
3939838
3909208
4230907
4229180
4226101
4003332
3902230
4230057
3984276
3763832
4227136
4059528
4223470
4226423
4227024
4224352
4226948
4219851
4047843
4227228
4072422
4229237
4230111
3826454
4227552
4227126
3831645
4141417
3946015
4216156
4226919
4056211
4046075
4228706
4226485
3884357
4228038
4065475
4075303
4225064
4218552
4228004
3785934
4219783
4220469
4230079
4221374
3965808
4228632
4223461
4224728
4231240
4035485
4226578
4223261
4222273
4224721
4227040
4223510
4227981
4227469
4217246
4229890
3842512
4228905
4218594
4201666
4049970
4224964
4227297
3949086
4225702
4226325
4221460
4226931
4225937
4227270
4222771
4023466
4220567
4228848
4230892
4223943
4222366
4229574
4220692
4227628
4226209
4220759
4223546
4081834
4227209
4224404
4228500
4223031
3933435
4223848
4222841
4225342
4053066
4224153
4220917
3964796
4232886
4223495
3943992
4227070
3852586
4222940
4229155
4226380
4227102
4229510
4230354
4224799
4231556
4232903
4223418
4224359
4227018
4052875
4217730
4230603
4060808
4220494
4229201
4227282
4222215
4226646
4227679
4223003
4039014
4225847
3777787
3771034
4219521
3946771
4231729
3815885
4228199
4230984
4231474
4226989
4222758
4227914
4225626
4224881
4156326
4223252
4229844
4228229
3958462
4222182
4229368
4224895
4228699
4225231
4227039
4222644
4223179
3775926
4218868
4220728
3766072
4224724
3844319
4226507
4226617
4228615
4219988
4220778
4177505
4223882
4225474
4222673
4068995
4218394
4227406
4224188
4222152
4227467
4225125
4224987
4222506
4227359
4222235
3904223
4230491
4228147
4223606
3792628
4218789
3898218
4220566
4219830
4229397
4223109
4225961
4222573
4073151
4225167
4225579
4221512
4227851
4219412
3951843
4226817
3917090
4228034
4217337
4053079
4227532
3758685
4226005
4219340
3843946
4220919
4227242
4230815
3777278
4228486
4058942
4226764
4227759
4155765
4221793
3922068
4219268
4226942
4035617
4158380
4221333
4045751
4219799
4223210
4231379
3872255
4227784
3878723
3773092
4219928
4219144
4226823
4224980
4227414
4223415
3930008
4228587
4229912
4041764
4223625
4229987
4221027
4221443
4226415
3948473
3806861
4224055
4221381
4227177
4221361
4229346
4224615
4225434
4225335
4226831
4229578
4221412
3820498
4228402
3956880
4229704
4228276
4229077
4228705
4230519
4220126
4227679
4230084
4131017
3767519
4222216
4218917
4223563
3773305
4222693
4068708
4217942
4223333
3994937
4229473
4233837
4224538
3918274
3774530
4229507
4217523
3945277
4229590
4230286
4224966
4003306
4222978
4046016
4219652
4220651
4213774
4223619
4229007
4223852
4192066
4130190
4220818
4063657
4223584
4229822
3972341
4221846
4226468
4227055
3969543
4226592
4224697
4219734
4054562
4227051
3932350
4221891
4227866
4027078
4233317
4065862
4219692
4228999
4224743
4222504
3765342
4217589
4223286
4227333
3773069
4222247
4077297
3807031
4230229
4228119
4224221
4223728
4222152
4226525
4222616
4220641
3790292
3723215
4220716
3968625
4227274
4220589
3742627
4224889
3766179
4228092
3977546
4061089
4232389
4226135
4226963
4228592
4230547
4227654
4228279
4220894
4231167
4226365
4231387
4220329
4222574
3917284
4139122
4230781
3896921
4222013
4226535
4225202
3868863
4229463
4220892
4222367
3761386
4220039
4058091
4225729
4217348
3761897
4227320
4227745
4086151
3783249
4219892
4227795
3821976
4218113
4225867
4224552
4221815
3981170
4229478
4226286
4227845
3783362
4228466
4220676
4219349
3989287
4042926
4221656
3960827
4225144
4050610
4131828
4131631
4223817
4230078
4229567
4228689
4225787
4052683
4225268
4229245
3941088
4226741
4050140
4224645
4054301
4227030
4230251
4230810
4224242
4225080
4200959
4218613
3832100
3778829
4093449
4228794
3768053
4225540
3750437
4227513
4227158
4224613
3885305
4228601
4225735
3997610
4217500
4231936
4227371
4216694
4221785
4221562
4219157
4235563
4224985
3727923
3923012
4222611
4217701
4226711
4075812
3916045
3764562
3989350
4221661
3932656
4225046
4225482
4222132
4226349
4219050
4218313
4071243
4137038
4225499
3950181
4222873
4227027
3775020
4114910
4226121
4224471
4228015
4226496
4229268
4227483
4075952
4123533
3818827
4225135
3975094
4221748
4227857
4226324
4228011
4223109
4225822
4230163
4211898
4227516
4223751
3912172
4224648
4221080
3793053
4041893
3814205
4222485
4227397
4229797
4218165
3966918
4223419
3743320
3739781
4211627
4220244
4050681
4222412
4223275
4227325
4220222
3808353
4226846
4229354
3777211
3923388
4224513
4229488
4229682
3884795
4229579
3970523
4072726
4227158
4225572
3795783
4224568
3847738
4229097
3958051
4219009
3803837
4229251
4225608
4218001
4223669
3759729
4227592
4201116
4230840
4227456
4229918
4220786
4226862
4224303
4219037
4223419
4228174
4223634
4226160
4221981
4229154
4227165
4221266
3953624
4230036
4222885
4055447
4231588
3769192
4230286
4226890
4223441
4231907
3979566
3977608
4224209
3985037
3772717
4062403
3777533
4229156
4226991
4230127
4224841
4223232
4227870
4227726
4228956
4072370
4223149
4223191
4224717
4228011
4214842
3788869
3984624
4226551
4225173
4226650
4220024
4226199
3969275
4221312
4225520
4228474
4066057
4220488
3954403
4228117
4220165
4221118
4072465
4220960
4060596
4218003
4231078
4219981
4214619
3966741
4227848
4224744
4230152
4217063
4225340
4223007
4221856
3976926
3928943
4064368
4079111
4227361
4229444
4228720
4226425
3772207
4226617
4226166
4225637
4212336
4224272
3940496
4225978
4202568
4229885
4224963
3754534
3983077
4227302
4227422
3938386
3994135
4228005
4227233
4044896
4229715
4227863
4226282
4226154
3789230
4222291
4231388
4226703
4095305
4224432
4225024
4231269
3765188
4073798
4222963
3813455
3992657
4221284
4218970
4231993
4234322
4188257
4001479
4226349
4226367
4221924
3813985
4229021
3934632
4226747
4228440
4220514
4221163
4229382
4229537
3985801
4222708
4229067
3766666
3956915
4044181
4231597
4221419
4226337
4221526
4226639
4213911
4223688
4226653
4223395
4225491
4228471
3854578
3780285
4221641
4048531
4227225
4223802
4225205
3775426
4226898
3809819
4227292
3787488
4221554
4226895
4225783
4229092
4224877
3921246
4226993
3870419
4224863
4224016
4137775
4227713
4228231
4059229
3814683
4225401
4220376
4231635
4224886
3997862
4226566
4218272
4229286
4222834
4050574
4227813
3818371
4223740
4227724
4056122
3960582
3923485
4229500
3791112
4228977
4225454
3922934
4057688
4228127
4222037
3975736
4230565
4196632
4217194
4223339
4059078
4227785
4227215
4228014
4229484
4228160
4223459
4230392
3749603
4230278
4227805
4085267
4221394
4223170
4224758
3758641
4221239
3974955
3780931
4225695
4227782
4229265
3751929
4230976
4219035
4228314
4039323
3767884
4217016
4229301
4141191
4227984
4218725
4226726
4215054
3967580
4223667
3918396
4219109
4227117
4226733
4218775
4225688
4226323
4231995
3979380
4220195
4219640
3965899
3931791
4225524
4225339
4220338
3787807
3781163
3816923
4224808
4230806
4095299
4229480
4225956
3952505
4000580
4224845
4212760
3993081
4228225
4229363
4222878
4229144
4226446
4226471
4221059
4226656
4226369
4225233
4220698
4227613
3761160
4225631
4117238
4218982
3819197
4227891
4225805
4217258
4229456
4066014
4222766
4228059
4227139
4226689
4224735
4224442
4227435
4060283
4220007
3827973
4100784
4232394
4221192
4221912
4226749
4220550
3871673
4230070
4056660
4222306
4223765
4226334
4219733
4223966
3768927
4220363
3953492
4047997
4219247
4067801
3815645
4063778
3763048
4218512
4230558
4214702
4014940
3760419
3796295
4230454
4229468
4227382
4220750
4081641
4226177
4218526
4227288
3742110
4227714
3967307
4226803
4229383
4235398
4228444
4041281
4228595
4223227
4231182
4224107
4227461
3961471
4068794
3978125
4223235
3781627
4221864
4213829
4137969
3918527
4225459
4222956
4088346
4227060
4228796
4228322
4226437
4225514
3934160
3983132
3974651
4222679
4225126
4153416
4227524
4225549
4224577
3779677
4227195
4226159
4226249
4226799
4131194
4220601
4229780
3964109
4074291
4220648
4214921
4046225
4064821
4229915
4226085
4089233
4226559
4222337
4227103
4228896
4228486
4221025
4220909
4229086
4228875
4227735
4225133
4057092
4230210
4226857
3814650
3737048
4138250
4222397
4226954
4223002
4229919
4222550
4228295
4226408
4227895
4228727
4226265
4125725
4232694
4225743
4222950
4042991
4225968
4227060
4228057
4226701
4222878
4224265
3897627
4228966
4226649
3763804
4226741
4215457
4229905
4227167
4221040
3961271
4229094
4226327
4227313
4228725
3983400
4230474
3802876
4004585
4228462
4226285
4047075
4223688
4219435
4224755
4218249
4222826
4067650
4095638
4224170
3791759
4230697
4230639
4224122
3949881
4227572
4230008
3786943
4226323
4220352
3963903
4230951
4229044
4229451
4092858
4223659
4227074
4226498
4224029
4232401
3944523
4231411
4224198
4225262
4227719
4222963
4226190
4231699
4228489
4227884
3775046
4222571
4221039
4227010
4234567
4225707
4226216
3977810
4223548
3958749
3781096
4230302
3771388
4211241
4232830
4227551
4226624
3806188
4224142
3745955
4222825
4221373
4227540
4217309
4086484
3874188
4227601
4226327
4049595
4227154
4216395
4226040
4220393
4232618
4229662
4042222
4227207
4225522
4217722
3726007
4228742
4219456
4227090
4227141
4218591
3916708
4221396
4221152
4222328
4228149
4226695
3755137
4230730
4226766
4218743
3890589
3982709
4160559
4225809
4220193
4230232
4227268
4210406
3961033
3861713
3952570
4225621
3844064
4213235
4226250
4103364
4227407
4229531
4231583
3951558
4220732
3960555
4229471
4219426
4220403
4221891
4227854
4222710
3990070
4227397
4228031
4226315
4220790
4228360
4226232
4217900
4221159
4220884
4225137
4219148
4223018
4229088
4227693
4221275
4225500
4226219
3909746
4225781
4226156
4228590
4220244
4222510
3814398
4214399
4056433
4226552
4220923
3977636
4217131
3999015
3779813
4154996
3969247
4226611
4096101
4218246
3922025
4225712
4226701
4227825
4229235
4221366
4052896
3961160
4225559
4226954
4225429
4222799
3915565
4124164
4224260
4227731
4222714
4221821
4226680
4226380
4224319
3953119
4227327
4065016
4066324
4226951
3854724
3772758
4227867
4233246
4223846
4229349
4237904
4220311
4062467
4224847
4226311
3758041
4228133
4225234
4220754
4221721
3793248
4229763
4227902
3764509
4229882
4223427
4221257
4230637
4227179
3819988
4224319
4223541
3968591
4231753
4228826
4219283
3721926
4223075
4225027
4221986
4230904
4225987
4223712
4224364
4226640
3937856
3955893
4228591
4221191
4148057
4033634
4227160
3796799
4223149
3732369
4057901
3759737
3960257
4226295
4226983
4227047
4223920
4225686
4230224
4231169
4226183
3946641
4227119
4220263
4228182
3921653
4225714
4227814
4225375
4218457
4229457
3807417
4219409
4223898
4225517
3789666
4222782
4073314
4223142
4228119
3984799
4052934
4219223
4223271
4226231
4228752
4227563
4224876
4226371
4228479
4227447
4226329
4226844
4218287
4228053
4223622
3979611
4226504
4227845
4222981
4223060
3822421
4012473
3766816
3959029
4228084
4226938
4226487
4224305
3847266
3764977
3746763
4225933
4224539
4231884
3776704
3915289
3753833
4219591
4224847
4222617
4228731
4046578
4228642
3990352
3940954
4222785
4220053
3843095
3781773
3795376
4225150
3947972
4221686
3745759
4223900
4160719
4135566
4221894
4228140
4227673
4111080
3998139
4227448
4223562
4226710
4222934
4226556
4223821
4229694
4226741
3876428
4224952
4223396
4223021
3918340
4223547
4221049
4042115
4227338
4055786
4224331
4219761
4222329
4052322
4228735
4226619
4227872
4226677
4229497
4228517
4224615
4228883
4223143
4226906
4228393
4233073
4229463
4217619
4230317
4223930
3913886
4019666
4227807
4218810
4231308
4227839
4226220
4228871
4222727
4220300
3948059
4223225
4225284
4226514
3757014
4220161
3789899
4231978
4223481
4226967
4222296
4222766
4098730
4228467
3969284
4229166
4229618
4057454
4056365
4215587
4218967
4224848
4227526
4224821
3979963
3810481
3874509
4224250
4215894
3792136
4229131
4219953
4222280
4223859
3770233
4123833
4228342
4222596
4226000
3972747
3939971
4222269
4220524
3977802
4221262
4226462
4227492
4224923
4226144
4229653
4227960
4187463
4230976
4224396
4226127
4225760
4173754
4221329
4222621
3967284
4225696
4226610
4224115
4226713
4228714
4228291
3962249
4229092
4227365
4225272
4229753
4225358
4219311
4223314
3902049
4217160
4116178
4224156
4230078
3939990
4079159
4219979
4224956
4218248
4045244
3756724
4223311
4227410
3781130
4218722
3787357
3961421
3822396
4225425
4224159
4226756
4228660
4221011
4051740
4219361
4225817
4223399
4043489
4226232
4226819
3809619
4220530
4223246
4218543
4225800
4222608
4217113
4228548
4224158
4226877
4224769
4045504
4226672
4225603
4225587
3917035
4216854
4221946
4226471
4228695
3985084
4226291
4226362
3779088
4226562
4227114
4226883
4073540
4229505
4228691
4219260
4226371
4225207
4222134
4215626
4225687
4226203
4205756
4225722
4229980
4225868
4229396
3778791
3987771
4212084
4227724
4226356
4230095
3929325
4224424
3911800
4224331
4226653
4229853
4228228
4222746
4230599
3768437
4228037
4223935
3736165
4222766
4225944
3812113
3955504
3740513
4093439
4221178
4226403
4220575
4229337
4226070
4225610
4223541
3991109
4228492
4229450
4224460
4070489
3920103
4223288
4227872
4230730
4229219
4224501
4231317
3921457
4224198
3759815
4223382
3825193
4229922
4043516
4223881
4220156
4220275
3792708
4223527
4091294
4222162
4225104
4225590
4222810
4223589
4230948
4223901
4055486
4144159
4228309
4227788
4049135
4230387
3782913
4223152
4130102
4220561
4138186
4226655
3964822
4232489
4228235
4224925
4226268
4226595
4224692
4048876
4218680
4060941
4227379
3876500
4233387
3969108
4221383
4225615
4222484
3899252
4217083
4222400
4139768
4195335
4227709
4225656
4034214
4226726
3848939
3754843
4223782
3786751
4139181
4227777
4079988
3936567
3807230
4225919
4225232
4224664
4218444
3997719
4051761
4229362
4002525
4227787
4226474
4222322
4226219
4234293
4227242
4235077
4228436
4226745
4228233
3979482
4026165
4226330
4220391
3931765
4230097
3789841
4089105
4221171
4223379
4219830
4227912
4226439
3995440
4222633
4228080
4227032
4225941
4225709
4228857
4202257
4227298
4228021
4222653
4228007
4222554
4226094
3963879
4228241
4229360
4225613
4232783
4224055
4225077
4219492
3737172
4225611
4230567
4217061
4232735
4226344
4229788
4230303
4231150
4227175
4049917
4225246
4226448
3795067
4218666
4227658
4228126
3724163
4228499
3751899
4217913
4228000
4228978
4228910
4048399
4227537
4223615
4046529
4225853
3784850
4079601
4227723
4228613
4229759
4227604
3899685
4228447
4226484
3791423
4228453
4223491
4072732
4223184
4220077
4225040
4229220
4226728
4062302
4222050
4224309
4228264
4052257
3972973
4221293
4225273
4222566
4223012
4222202
4228163
4229052
4055443
3757007
4227286
4218103
4226527
4223838
4232643
4225990
4224211
4227053
4223812
4228843
3751216
4222409
4228472
3784614
3956661
4194257
4226590
4229762
4220990
4069724
3845814
4227201
4224154
4222643
4225911
4228380
4224803
4221190
4228744
4226122
4060866
3745091
4228448
3903613
4234256
4122289
4226152
4224683
3964951
4225023
3931714
4227326
4229099
3871000
4218878
4221240
4221091
4222086
4224220
4223099
4227089
4228364
4223165
4228735
4204163
4229441
4044278
4226427
4226354
4224160
4005333
4224418
4224836
4220306
4225665
4221655
4222874
4227526
4220779
4222703
4224514
4104619
4227933
4230169
4229289
3872533
4216065
4052565
4224967
4225277
4225171
4223284
3977943
4224202
4226068
4228251
4224808
4159569
4225310
4092145
4226604
4221399
4222994
4227931
4228987
3807505
4226361
4226345
4221116
3916024
4220070
4224389
4228352
4230431
4222586
3781725
3928563
3975575
4066070
4230016
4088116
3960224
4229020
4228205
3992401
4219143
4229745
4224741
4226675
4224145
4228719
4227167
3713142
4227575
3746241
3971569
4227719
3943817
3985891
3796745
4058076
4225523
4219915
4060031
4222564
4219873
4227841
3958206
4226952
4227292
4224349
3982939
4227164
4225654
4227317
4229271
4227647
4222872
4227993
3919438
4220454
4215567
4226545
4226882
4218685
4227271
4227399
4227764
4218826
3956780
4227908
3972278
3968345
4226954
4226860
4220111
3965450
3985241
4220613
4227179
3979466
4226205
4229747
3769190
4224747
4225876
4224893
4231480
4225191
4048822
4223714
4069120
4227651
3978586
4217207
4228500
4226939
4224944
4219602
4220441
4225925
4225203
4223768
3794627
4229550
4231480
3767821
3773171
4215080
4125962
3777174
4070981
3985974
4073408
4225545
4222832
4230357
4055686
4224095
3773633
4229119
3775197
4226177
4227623
3769364
4222920
4222913
4226232
3990434
3756347
4223784
3779542
4228340
4215694
4224104
4055338
4226623
4229117
4226408
4222182
4217022
4224384
4220179
3992760
3974758
4226605
4220038
4224660
4225620
4226886
4009253
4223212
4223814
4226169
3949849
4225838
3959140
4226643
4060064
4225945
4224957
3811914
4056291
4075677
4225460
4224720
4226868
4224121
4224172
4227980
4153679
4226716
4224876
4149248
4063189
4227698
4219999
4223042
4195670
4223984
4227144
4230429
4227811
3999477
3771074
4226837
4226919
4122395
4226771
4059598
4186996
4218939
4221157
4229322
3890055
4223239
4223303
3776888
4226916
3779712
3925482
4222190
3743681
4227526
4227092
4227579
4221469
4222946
4230359
4060913
4226569
4223100
4223421
4223276
4228160
4227400
3952606
4218241
4195383
4225641
4136347
4223208
3905202
4055707
4225928
4104784
4222345
3994116
4224996
4227184
4227869
4230432
4147307
4226571
4226265
4223371
4226313
4194370
3886300
4225040
4224265
3847728
4226370
4045379
4226893
3976321
4222887
4225165
3777283
4220313
4226750
4228303
4229309
4227380
4229367
4226208
4227302
4226873
4228539
4223896
4223621
4225959
4220858
4228158
4230443
4226518
4219290
4224841
4224842
4226126
4226425
3948380
4220184
3719930
3805834
4225819
4227672
4145306
3776879
4228977
4226812
4228939
4016373
4224976
4225188
3749462
4227992
4226531
4220364
4226196
4230794
4228364
3974016
4227591
4227619
4225947
4220918
4226445
4225858
4223849
4225661
4231754
4228758
4229129
4222322
4226019
4229087
4072652
3809134
4220974
3788573
4034289
3867550
3956234
4225172
4226688
4223235
4217735
4070138
4199220
4224996
4223367
4230004
4227548
3967264
4227958
4223245
4045648
4224507
4229150
4231109
4227190
4223004
4229092
4224165
4226200
4230335
4229878
4216995
4220757
4219769
3934792
4058895
4223689
4219253
4226575
4225757
3925489
4224113
4225752
4223558
4225595
4228716
3812963
4230338
4219511
4041937
3869061
4227842
3816579
4221707
4221424
4220955
4217994
3765413
4227046
4227199
4229379
4228203
4223595
3912116
4228896
4040633
4225348
4227837
4221356
4060502
4227481
4221248
4223371
4223677
4219642
4217884
3748251
3791364
3791427
4225074
4225263
4230229
3806932
3906187
4063584
3779595
4111881
4231075
4226258
4074399
3783575
4147589
4232154
3718719
4223868
4228379
4228473
4223407
4076125
4219115
4224873
4232073
4227034
4228667
4226593
4222972
4229580
4067358
4228084
4227821
4217751
3779517
4226646
4228913
4226322
4226522
4220234
4222615
4227057
4228282
4230290
4226996
4226936
4224763
4222073
4221870
4222775
4226641
4226597
3763589
4150187
3928628
4237556
4231126
3995312
4222878
4227195
4213561
4221068
4063591
4141664
3979716
3808141
4219041
4221845
4218138
3977735
4223953
3847075
4226148
4224001
3805533
4213187
3792241
4060790
3763046
3782653
4076145
4221751
4228567
4228306
4220575
3844382
4223864
4042813
4228200
4058810
3821925
4230742
4226706
4227675
4029753
4225772
3949787
4231806
3959415
3761730
4229001
4227726
4231154
3747883
3930077
4231128
4228966
4225110
4223841
3861525
4222565
4228348
4064872
4229608
4227302
4230596
4221445
3975683
4227295
3776700
4225409
4229296
4060430
4221612
4232189
4226697
4233351
4227292
3983861
4226144
4228390
4221507
4221740
4226469
4221588
4226530
4220250
4223672
4138440
4229672
4220352
4227972
4221299
4225308
4039170
4229728
4147007
4219487
4230329
4223245
4221647
3982263
4082029
4225251
4229472
3798583
4223682
4227145
4225915
4225652
3963779
4217288
3987631
4226323
4223709
4149231
4196250
4219167
3880565
4225981
4224297
4220815
4219639
4225164
4227145
4224936
4222164
3922575
4229268
4228032
4226569
3782538
4223531
3973471
3752939
3984784
4230094
4229779
3951236
4222082
4219388
4221151
4226520
4222953
4229654
4228118
4229379
4230216
4068673
4227323
4229654
4224524
4223576
4220122
4226293
4228203
4080612
4231302
3966137
4225993
4223039
4221739
4221093
4138744
4059290
4227625
3784723
4225681
4228793
4227527
4232054
4228300
4232894
4228440
4221963
4227981
4221844
4223872
4221896
4226789
3964591
4221743
4218285
4220829
3811580
4221346
4226553
4219002
4225141
4226010
4061412
4093955
4218437
4226232
4224737
4225790
4228065
4227651
4225868
4230094
4227496
4228795
4038132
4143808
4229345
4229369
4006054
3795444
4074848
4228015
4224465
4225355
4225636
4223835
4221002
3967343
3748785
4061699
4222091
4229016
4223470
4229436
3912751
3755446
4217975
3938338
4027085
4072652
4227765
4227454
4223241
4225184
4228956
4228381
3929746
4220758
3937760
4223052
4231552
3980932
4224635
4083873
4235013
4228149
4224214
4229719
4220540
4228316
4216240
4227610
4079227
4224372
4222572
4230215
4219324
4227061
4097592
4227980
4228278
4226088
4220565
4228771
3973549
4227126
4229027
4055457
4228949
3929010
4228435
4227793
4230054
4136027
4225310
4225516
3961430
4229224
4229732
4071128
4223609
4229095
4230400
4140123
3744572
4229172
4231223
4222323
4045962
4227977
3978787
3976214
4218421
4226634
4220086
4227128
4226302
4221345
4230704
4224362
4228426
4223352
4227121
4136937
3913813
4225448
4226638
4013051
3996817
4219922
4222501
4226758
4224979
4224136
4230710
4228194
4221247
4100326
4218255
4225237
4227369
4229097
4229344
4220525
4228992
4226184
4231919
4065879
4219927
4057626
4227668
4224595
4232247
3986449
3796574
3983745
4227492
4228560
3777012
4225581
4224800
4224633
4134612
3917339
3948451
4219369
3993465
4228702
3766579
3917386
4056497
4226091
4221048
3843604
4225443
4059729
4227350
4226550
4223193
4220337
4220516
4226347
4223596
4229630
3981745
3867484
4228737
3758828
4214112
4049616
4086972
4231589
3744898
4217788
4222835
3893587
4229572
4218149
4226258
4223608
4223275
4228716
4226699
4222982
4227140
4220938
4225879
4227617
4113008
4226209
3714132
4226418
4227924
4221090
4222786
4227184
3728705
4226129
4224092
4227058
4223793
4222353
4055260
4237973
4227337
4226692
4085864
4218466
3767859
4219309
4223396
4223412
4228066
4222467
3931614
4218019
4227427
3995944
4073610
4228055
3766813
4224679
3939723
4226933
4222689
4229359
4226780
4227311
4226183
4224631
4052031
4229321
4228119
4228912
4223290
4229237
4226456
4071508
4224945
4228162
3779477
4230873
4225504
4226106
4224030
4226209
4054596
4052063
3826325
4228085
4094279
4217216
3823976
4226874
4227437
3816052
4227742
4226424
3759491
4228066
4222556
3936442
3750632
4217179
3808973
4057851
4228414
3991445
4221666
4223366
4225504
4226022
4229024
4226835
4216682
4226512
4226190
4221464
4228036
4220255
4227625
4065992
4222157
3987971
3953062
4229310
3844640
4226033
4220649
4220466
4221998
4224689
4231823
4227573
4230391
3982861
4220272
4221364
4222507
4220373
4219874
4225995
4219587
4220560
4229491
4114721
4226427
3905134
4228898
4229345
3981213
4224371
4225230
3792521
4043745
4224580
4058442
3988336
4227439
4220478
4058096
3933116
4125266
4223816
4225597
4230519
4221435
4220750
4227461
4226257
4226294
4222054
4225511
4221022
4229803
4227117
4225051
4222929
4226650
4228340
4218171
4228986
4222898
4231772
4227634
4225133
4066548
4230474
4227296
4230935
4226675
4229635
4227497
4222968
4214318
3775751
4220625
4227632
4225034
4230078
4222406
4095264
4216453
4228341
3818368
4226487
4222032
4218496
4225727
4058931
4226479
4218347
4220769
4226950
4226370
4228208
4227456
4224712
4219862
3918559
4231255
4225533
4217898
4228039
3815946
4072365
3799646
4227540
4052164
4225276
4226618
4227423
4225732
3783733
3760118
3921954
4080332
4224433
3996841
4007463
4226523
4227864
4227850
3992890
4051680
3978510
4226287
4151816
4229628
4223524
4227890
3964154
3818193
4074178
3769565
4048673
4225888
4230771
4225112
4219804
4225225
4228779
4043879
4221045
4228082
4101102
4222258
3935758
3739639
4148745
4224010
4229303
4227001
4223198
4226232
3943363
3798398
4226466
4224106
4226695
4061360
4227699
4224373
3985529
4231412
4223501
4229047
4227080
4224757
4046545
3976005
4220156
4227525
4219582
4225490
4027610
4074824
4221731
3951651
4225566
4226683
4216880
4229546
4230466
3947729
4220205
4223948
4056203
4226207
3792630
4139890
3721225
4064577
4088465
4225594
4228698
4029075
4221657
4229404
4229668
3975293
4215467
4228154
4231289
4226533
4227218
4227249
4225211
4221354
4226980
4224378
4225418
4229257
4226166
3945423
4048091
4075961
4225186
4228762
4231756
4225808
4224881
4077626
4224481
4223479
4050122
4227294
3797955
4226287
4231559
4220908
4227398
4224556
4020361
4225121
3739432
4218385
4226885
4219564
3912010
4226292
4099761
3758559
4225773
4222416
4230629
4220338
4219575
4226644
3792951
4226500
4125746
4230514
4220060
4226385
4229729
4229930
3831213
4226150
4231562
4220457
4226429
4221187
4226556
4229396
4225911
4225637
4222082
4219196
4226772
4232318
4224317
4226048
4230646
4229230
4226759
4225774
3747855
4220195
4229724
4223074
4222210
4213089
4232107
4236985
4219407
4219135
4222434
4233027
4221554
4123802
4229824
3901562
4226981
4229231
3768642
4221125
4227892
4218910
4226237
4227867
4228946
4032059
3781640
3759955
4223490
4227741
4221025
4218102
4227863
4226231
4074863
4222568
4228837
4226371
4227858
4224891
3992692
4216230
4218294
4219700
4226221
4222607
3981277
4151699
4224074
4220772
4224860
4222684
3746148
4231220
4223020
4224230
4229132
3782732
4225841
4088443
4232721
4232718
4228424
4225856
4048093
4223869
3932588
3939784
4227649
4223819
4085103
4226720
4224567
3819786
4035627
3914209
4226735
4224055
4227305
4228544
4234158
4225750
3959487
4226397
4225124
3958313
4226164
3747891
3898534
4217499
3816119
4227087
4226592
4202573
4061387
4228673
4226820
3933059
3951498
4228483
3770378
4233400
4223663
3967636
4227984
4223424
3989752
4229930
4227327
4228256
4225041
4062934
4230139
4226544
4228295
4222800
4100127
4062448
4228339
4228907
4218442
4226173
4224426
4224961
4224321
4227136
4229143
4226561
3949180
4222266
4043875
4223458
4226249
4227493
4231209
4225663
4229278
3740070
4221780
4223543
3960973
4034478
4222274
4227049
4217754
4227225
4225493
3919608
4223872
4223299
4226939
3990958
4226807
4227445
4088417
4223483
3869045
4049303
4227738
4225375
3987479
4227099
3774940
4223743
4227387
4226478
3983274
4096349
4228121
4220082
4226544
4226090
4220446
4226710
4224607
4228250
3795897
3773461
4228230
4220026
4228790
3942465
4228448
4225796
4222331
4228582
4045016
4228694
4226975
4232412
4227241
4221617
3967402
4227974
4227003
3904474
4224967
4227015
4226094
3748861
4228957
4218305
4226123
4040892
3960517
4227496
4219590
4227807
4223025
4229220
4013725
4224168
4226718
4224477
3914638
4221002
4225824
4220146
4218706
4226100
4228358
4230153
4214573
4134214
4228007
4226663
4227372
4228615
4074216
4226526
3955762
4227945
4223581
4131320
3973716
4224604
4221737
4229574
4223362
4229478
3976165
4229670
3968648
4229400
4220682
4227138
4077668
4133771
4223295
4228417
4061100
4229940
4222890
4225856
3918635
4227298
4218322
4223177
4226698
4129995
3754564
3794931
4220664
4221714
4227244
3940876
4222494
4228175
4218457
4223262
3917951
4226684
3782810
3820480
4217860
4228118
4225644
3788864
4222519
3976462
4222490
4226646
3763738
3722325
4214546
4003579
4227028
4228850
4229600
4222132
4228947
4228943
4227646
4226631
4225078
4000414
4228710
3959428
4113877
4229846
4229041
3770239
4223595
4224404
4217211
4219277
4230349
4221256
4228765
4225503
4047299
4222346
4227037
4226642
3936561
4230014
3815682
4182937
4227091
4222955
4228007
3818331
4222128
4226551
4053370
3970487
4230261
4223967
4227310
4162731
4219076
4227913
4222932
4228422
3817382
3915592
4220014
4223177
3765409
3857485
4226266
4054731
4219902
4228658
4220000
4230413
4224879
4228291
4219905
4227905
4225846
3777031
4224880
4219860
4069534
4226314
4221890
4233992
4076131
3790833
4054025
4223992
4226253
4229363
4228911
4229748
4227035
4225612
4226136
4221042
4228928
4225875
4228355
4222074
3962922
3764720
4054441
4222353
4228268
4221071
4226767
4227045
4222590
4230165
3778455
4220867
4218840
4231566
4064621
4228699
4224848
4223017
4223328
4225189
4222149
4224124
4227429
3937384
4218058
3920011
4223990
3794259
4225640
4220449
4226529
3774559
4221547
3772999
4227708
4228059
4082578
4226904
3787188
4221406
4228125
4228209
3734640
4226302
4219204
4230344
4226914
3933884
4228645
4229560
4223536
3817164
4201428
4224437
4232166
4208654
3933052
4225556
4070444
4228964
4223836
4071444
4021408
4042192
4223319
4137163
4220284
4225002
3817499
4219948
4224742
4228643
4225288
4226922
4216861
4057424
4217503
4226586
4218889
4227185
3774950
4226493
4221936
4227473
4215210
4218765
3982133
4218400
4113939
4227683
4227688
4222038
4226771
4229921
3777017
3960369
4227005
4228080
4224468
4225185
4047677
4226042
4225195
4087044
4214703
4221358
4229988
4217371
4226189
3778232
4226770
4233154
3811462
4222759
4223902
4225601
4227298
3951768
4224406
4219530
4228218
4224112
4051089
3846295
4132929
3725307
4227974
4224600
4223388
4220425
3806129
4227252
4222934
4227206
3758111
4219463
4228079
4140857
4060533
4227927
3718571
4220506
4079319
3956459
4226266
4228212
3794091
3749666
3771395
3981262
3941683
4225765
3859429
4224511
4223515
4224795
4227772
4041623
4228813
4225351
3986883
4225839
4008984
4221454
4218930
4226922
4226620
4224030
4222029
4222461
3710198
3799891
4014085
4228608
4029667
4224513
4225155
4229490
4077933
4226617
4221173
4218489
4230153
3779605
4226448
4222381
4225143
4036136
4217765
4225643
4223332
3776427
4229319
3782921
4225826
4143291
4229946
4093603
4232166
4229170
4218981
4220284
4226924
4228009
4045722
4218858
4217546
4225172
4216607
4221820
3772532
4222612
3983395
3762988
3991610
4228480
4226303
4224083
3960554
4056257
4227100
3770421
4221995
4229135
4220853
4221205
3753766
4223441
4222802
4228085
4226003
4219360
4222729
4227509
4222652
4227793
3997573
3953672
4221521
3977116
3966529
4221111
4225857
4227355
4225360
3980596
4227335
4220592
4218854
4223322
4219114
4228186
4229556
4227935
4227189
4026669
3964941
4222922
4229129
4219626
4225966
3744490
4228671
3999539
4221504
4232408
4224509
4224919
4227118
4221964
4223382
3764909
3892016
4223355
4230735
3846383
4229654
4223329
4228203
3786998
4232324
4230390
4226525
4227083
4227353
4224659
4229571
4072570
4227369
4230163
3895175
4220185
3993308
4222035
4224754
4224716
4222812
4223837
3757822
4229925
3756868
4222016
4224706
4223323
4227722
4227363
4229783
4223801
4219590
3931824
4220505
3767255
4219778
4041848
4222663
4223850
4228270
4225089
4222354
4226726
4233100
4224670
4226393
4224881
4070110
4223266
4226437
4229131
4225831
4054948
3949895
4223899
4222708
4087971
3922942
4227033
3789325
4221972
4227544
4227068
4223840
4228260
4220238
4224134
4228270
4096111
4229040
4151307
4228288
4228282
4221752
3965386
4227655
4045631
3917307
4228176
4157815
3837444
4219061
4049625
4229099
4227585
4228333
4228166
4230164
4225484
4228722
3943512
3754036
4226778
4227885
4222177
3960687
4226533
4228469
4223056
4048828
4219031
3969217
4220314
4231267
4227266
4230548
4059187
4226344
4064578
4223388
3837619
4230146
4219113
3799351
4225137
4222542
3784012
3830833
4226724
4223713
4082590
4227318
4225416
3946531
3957594
4226585
4224666
3761474
4227758
4077784
4227659
4225403
4232288
4230573
3753224
4228010
4230254
3790748
4228951
4227158
4224830
4227126
4222742
4102855
3743608
4227771
4226666
4222394
3764436
4035794
4232399
4231122
4175804
4230258
4228914
4218735
3791543
4225161
4230064
3898147
3966464
4222374
4226758
4229321
4229665
4226359
3973036
4220599
4227231
4039256
4225209
4222323
4223382
4226288
3776744
4229337
4223554
4222789
4225085
3927272
4227150
4224625
4230841
4191399
4227983
4225494
3773198
4225126
4226188
3902942
4220540
4222889
4223287
4223115
4218048
4215223
4223315
4225847
4229548
4228836
4228735
4230442
4228142
4224579
4222407
3741995
4222213
4225933
4226328
3974336
4225110
4220905
3981912
4223881
4229784
4226488
4227654
4219810
3962902
3761406
4226341
4226403
4227910
3810960
4226311
4220166
4226863
4219926
4225609
3931445
4226964
4227202
4225592
4226028
4219203
3786853
4064647
4058079
4224887
4222427
4224326
4231360
4230641
3987915
4223627
4221490
3916445
4226409
3794564
4222746
4225093
3944770
4221570
4069023
4222850
4228917
4219809
4226510
4226208
4225756
4223451
4226359
4065283
4228575
4224641
4224623
4204516
4228598
4222343
4230599
3993103
4223333
4223217
4219942
4223663
4227880
4222573
4223645
4230234
4216235
4224712
4224914
4229745
4224337
4229109
4221629
4217453
3886967
4223504
4139302
4222702
4107698
4131920
4228997
4224781
4226505
4221748
4199426
4227161
4224368
4224647
4221973
4226560
4224932
4229244
4015209
4140213
4226545
4047870
4059195
4005325
4223120
4220456
4227993
4224622
4228317
4235549
4221245
4226733
4222894
4222188
4226202
3941966
4228989
4228636
4225446
4228539
4222033
4162060
4226154
4223837
4229571
4228537
4226625
4227692
4221102
4224215
4228930
4222231
4034423
4226820
4220511
4216782
4225683
4223052
4222741
4226606
4181418
3928928
4227332
4222164
4229163
4224546
4149194
4064258
4226061
4225164
4226644
4228960
4224042
3777960
4226111
4227739
4224321
4225033
3959072
4223792
4221992
4225495
4227547
4226260
4223724
4227609
4224556
4221148
4223165
4208960
4226665
4232218
4217638
4225209
4229007
4225556
4227469
4223253
4117942
4227913
4232318
4218975
4226135
4198632
4220457
4223757
3796750
4222095
4067633
3968327
4224447
4048789
3763456
4228134
4224550
3979356
4212652
3991244
4224839
4226810
4223106
4229696
4222902
4228111
4117213
4231491
4227150
4223723
4231477
4226181
4230490
4228730
4223446
3908568
4220078
4221905
4223659
4226798
3946582
4228917
4219814
4224883
4230838
4220190
4227039
3951411
4144319
4230160
4226225
4219696
4227045
4219524
4222527
4227915
4076866
4222092
3774696
4218900
4224336
4224358
4228278
4226980
4228409
3814264
4224421
3761285
4228482
4230200
4221017
4102565
4224296
3976782
4227451
4226307
4070829
3987150
3768722
4225009
4228548
4221833
4223560
3965528
3796129
4228800
4221606
3783387
4221091
3884969
4227770
4223105
4219154
3812182
4214570
4219000
4222634
3957848
3959983
3794445
4219066
4227319
4218482
4225600
4220548
4226484
4213629
4226804
4227604
4227734
4224645
4225078
4231841
4227967
4096478
4219720
4228783
4217549
4226168
4224942
4228018
3740828
4050036
4229346
4224001
4229266
4217985
4223035
4048429
4146019
3994847
4229923
4050736
4224479
4218292
4232206
4225032
4218451
4222285
4228858
4072482
4228558
4226148
4230713
4227948
4218396
4222488
4222234
3980814
3981773
4035916
4222273
4227518
4222814
4228114
4224941
4228514
4220911
4229526
4218897
4219501
4190570
4221774
4230709
4223947
4219759
4075597
3914331
4037063
3759936
4224900
4235123
4222233
4049785
4222808
4218964
4222325
4227822
4173080
4224467
4225317
4080256
4229442
4220518
3820964
4232545
4216570
4226563
4225968
4228017
3944027
4232714
4226799
4224476
4225599
4228420
3939362
4227531
4223540
4229591
3802863
4228167
3990884
4219873
4221248
4226869
4223811
4227551
4223550
4228680
3777441
4143754
4228792
3791052
3969196
4227798
4056625
4144442
4223156
4226264
3937577
4142559
4163924
4221562
4049925
4135330
4231804
4227916
4228892
4218765
4033249
4222349
4228477
4227849
3932569
4219682
4224243
4229818
4221865
3769315
4224001
4222974
4044392
4223926
4222725
4226569
4227187
4227914
4036114
4217961
4012749
3848726
4227030
4228866
3942183
4039660
3759366
4227758
4222266
3772045
4228638
4050045
3987145
3852292
4227260
4101751
3885517
4224083
4227819
4229361
4222147
4226622
4056091
4225309
4232538
4221666
3973812
3751350
4229550
4068669
3967523
4044250
4223763
4217075
4219003
3998954
4221478
4227370
4220543
4225601
3990328
4221437
4224767
3852375
4226182
4223577
4224400
3795079
4227272
4222887
4046399
4225551
4225671
3808204
4219505
3746747
4076213
4224902
3977228
4066953
4226700
4220662
4226267
4228381
4069007
4230150
3976233
4216416
4059087
4227921
3983053
4225389
4226308
3966127
4228239
4229090
3803549
3819422
4223619
4222251
4230566
4227569
4229631
4228488
4026737
4215218
4226654
4227934
4222586
4227812
4226781
4224245
4225478
4226474
3999187
4227403
4214470
4226833
4229963
4224454
4230575
4221135
4221613
4228987
4226750
4225323
4229294
4185131
4065008
4216480
4225837
4228225
4232695
4225257
4223320
4223451
3717818
4217983
4227569
3783328
4100652
4222464
4223613
4223941
3938217
4227162
4224157
3923998
4234097
4049725
4226759
4221330
4230263
4046648
4226259
3777996
4226333
4227879
4225516
4228446
4078834
4222200
4229843
4052284
4226052
4223427
3980987
4002537
4224704
3764938
4071934
4226955
4228727
4229738
4225530
4005804
4224533
4223647
4102359
4227625
4221174
4226750
4226702
4222772
4214941
4227544
4074073
4222880
4228321
4220706
4221055
4228236
4232284
4217470
4228090
4220878
4228012
4223944
3781877
3955987
4218756
3905489
4223789
4229641
4222094
4100710
4222151
4226215
3785998
4218706
4227369
4227560
4220223
4228100
4224518
3952971
4225196
4217374
4223726
4228290
3874470
4223175
4223106
4230394
4221434
4220671
3971522
4229956
4228361
4226676
3982266
3987598
3926570
4226479
4226240
4226271
4231482
4219502
4233379
4224589
4225973
4222658
4224498
4228171
4228742
4012771
4046070
4227530
4225833
4230663
3949539
4219332
3934727
4227144
4226218
3804219
4225627
3769251
3798041
4229545
4228937
3947477
4221540
4226109
4227433
4226692
4091578
4228054
4224646
4227839
4231881
4227896
4226827
4222611
4220036
4226197
4226806
4229776
4129312
4068131
4141343
4219543
4224993
3985327
4222579
4226758
4219242
4227024
4217673
3802233
4078155
4218875
4230585
4059865
3767593
4226411
4229340
4227309
4229563
4222974
4233060
4218401
4230386
4068124
4229271
4220095
4225723
4220186
3802827
4194360
4229493
4229866
4045699
3905667
4212096
4100751
4225633
4226687
3779304
3960337
4226145
4225212
4216407
3788429
4231999
4001448
4048658
4223182
4140039
4226546
4229617
4225792
3988743
4224251
3906363
3975189
3810154
3940183
4059691
3762586
4227336
4220101
4220874
4224288
4226486
3977737
4221032
4222470
4226023
4226905
4045054
4056283
4225023
3986810
4040820
4231158
4089981
3851983
4174858
4057157
4224984
4223613
4225917
4229143
4220847
4226771
4224532
3943825
3967253
4173546
3947048
4224111
4224201
4226616
4061479
4074863
4220857
4226709
4226167
4058234
4226560
4226245
4228354
3756661
4218448
4227345
4221694
4228374
4224685
4230183
3914008
4217603
4220470
4228495
4228735
3754252
4221502
4224193
4050178
4222929
3807526
4215837
4227042
4227737
4083203
3817333
4232153
4231359
4220630
4086479
4051600
4226534
4224281
4222157
4038649
4224909
4220948
3760293
4218932
4229443
4225121
4225127
4227081
4227014
4225361
4222754
4233140
4226194
4229084
4219872
4222409
3859267
4089564
4221169
3968815
4224743
4225688
4227303
4226381
4227621
4224977
4223329
3981731
4228169
4225322
4219868
4225395
4227146
4227776
4228245
4224865
4228103
4226021
4225768
3988185
3725625
4228249
4074378
3820353
4222233
4229633
4104577
4237973
4227282
3813569
4075255
4063744
4031670
4226479
4228229
3990515
4228856
4051820
4222282
4230001
4066904
4051135
3809120
4074220
4231731
4226268
4227881
4222119
3788245
3919993
4226496
3951788
4227413
4226877
4218051
4221256
4049224
4229485
3820431
4223313
4226662
4228006
4230093
3987617
4221634
4225800
3979304
4227018
4221435
4230011
4227613
4218261
3988836
4226208
4227840
4226691
3774719
3971856
4226506
4230084
4227481
4229289
4043348
4225761
4219992
4228545
4229501
3970636
4046499
4226527
4199959
4228284
3777865
4222902
4224886
4222672
4225966
3769857
4228622
4227688
4223756
4223425
4227631
4228789
4225857
3981080
4230083
4227602
4226524
4225129
3737204
4229557
4051871
4225449
4226513
3948738
4228418
3785085
4226092
4226727
4226127
4222741
4229289
4225402
4223242
4228982
4221373
3983659
4227104
3776996
4227324
4226993
4226806
4226636
4226137
3746281
4223538
3953295
4223498
3817612
4220317
4005439
4226730
3793723
3808350
4226746
4228357
4141325
4227923
4224059
4221693
4231788
4222487
4227016
4235058
4221527
4223001
4228445
4226586
3761270
4226802
4228652
4224827
3992397
4222095
4011278
4229746
4225406
4229306
4229094
4227731
3809287
3991440
4218457
3845799
4228941
4226312
3801243
4228055
4229772
4226610
4227425
4225861
3958115
4219267
4227057
4071381
4219251
3775668
4224276
3957561
4058726
4229593
4223363
4225306
4230610
3888284
4223031
4223975
4092117
3872632
4226462
4221238
4223211
4223550
4224908
3781078
3806590
4226667
3743567
4226724
3778097
4226326
4226599
3995745
4223266
4221686
4226492
4230194
4226800
4226697
4075830
3950378
4225213
3797368
4228676
3780123
4217439
4149691
4222879
4203137
4222111
4228759
3934581
4228731
4226295
3960619
4227644
4226887
4225143
4055892
3985108
3955178
4162504
4221992
3933143
4221007
4231409
4209753
4222082
4049441
4223025
4227881
4228403
4229030
4228085
4227671
4219772
4230537
4228591
4222636
4226014
4064014
3994172
4219640
4226182
4228304
4222427
4008267
4225717
4226958
3977757
4213154
4225706
4226568
4228223
4220565
4052570
4225191
4228090
4236466
4083131
4220253
4233914
4227482
4228902
3958102
4227287
4226727
4227028
3764788
4227663
4209062
4069445
3967208
4226450
4229806
4232848
4227615
4231823
4221539
4229989
4225238
4227023
4046745
4226781
3739264
4225734
3967181
4227861
3860851
4225803
4224776
4226233
4223279
4220722
4089989
4223936
4227668
4220831
4227915
4228896
4227638
4222654
4230822
4217319
4229050
4220313
4019383
4235644
4219752
4219649
4225602
4227399
