2092409
2346355
2328566
2351819
2058332
2345319
2348538
1930733
2345820
2349319
2344228
2342471
2346273
2347092
1894168
2345856
2338249
2097521
2348016
2343143
2337060
2349658
2342694
2346033
2339166
2107613
2128060
2064466
2345285
2345744
2348425
2339147
2338382
2349093
2351291
2336923
2340697
2348627
2345609
2269284
2343965
2343575
2346708
2346624
2345656
2150940
1915292
2062401
1929254
2345823
2347622
2345662
2345901
1969159
2348753
2340278
2344867
2344462
2232665
2340660
2347461
2347252
2346572
2346718
2339281
2096235
2344319
2345976
2346356
2346290
2344463
2346308
2346994
2345912
2350294
2346263
2339999
2340787
2347869
2347009
2165375
2350475
2341457
2262200
2054464
2342272
2350050
1942411
2100063
1901306
2343982
2062923
2346139
2346769
2058854
2219021
2346650
2346893
1925448
1932680
2347443
2346098
2343898
2353470
2343664
2330520
1915960
2348438
2341920
2262280
1893791
2344354
2337578
2348308
2346462
2348435
2345902
2345725
2308184
2326898
2348910
2066909
2349861
2347114
2338317
2055923
2345527
2339035
2343085
2348325
2339472
2344779
2346259
2348153
1969482
2347100
2332485
2342038
2346010
2327322
2346490
2340129
2347007
1894703
2341326
2056325
1960537
2343404
1942989
2344982
2347338
2053962
2349835
2255378
2343745
2339619
2341778
1966987
2348889
2342860
2085703
2340135
2018255
1987807
2345605
2352679
2346421
2335559
2345671
2343428
2340459
2346123
2344280
2339372
1900361
2161856
2335434
2346060
2343278
2152224
2344168
2344383
2343035
2339553
2343387
2346386
2346871
2270874
2345931
2346852
2344736
2337961
2272198
2164384
2154561
2348135
2342439
1924677
2347050
1996288
2341888
2346980
2349178
2348507
2349235
2346240
2182964
1932219
2348218
2342029
2311966
2342482
1984361
2347160
2350689
2338810
2349629
2340270
2347576
2190230
2334904
2344675
2346932
2348810
1979015
1919964
2066955
2101056
2298566
2349758
2347884
1925664
2343082
2350592
2072744
2345038
2077918
2345322
1954417
2346596
2344050
2340764
2079156
2341143
2338464
2346524
2339337
2273725
1932291
2218155
2347965
2060772
2345731
2348042
2347836
2341875
2092615
2350743
2161760
2347221
2340853
1925811
2342366
2347079
2343305
2087741
2345748
2346750
2348880
2345951
2346925
2347523
2349932
2346897
2351952
2345186
2344955
2347502
2341793
2336774
2341749
2280698
2346563
2153887
2347127
2339916
2342320
2349164
2340311
2347312
2339126
2063481
2346472
2336847
1891407
2340444
2345202
2346491
2339540
2347804
2356151
2339837
2347358
2339659
2064991
1961224
2346909
2347460
1933391
2337700
2342301
1983451
1927774
2335629
2345220
2340027
2345720
2103067
2347390
2343736
1923311
2343099
1957770
2351181
2341981
2347166
2341077
2346631
2345648
2343367
2346740
2349169
2345802
2339295
2344497
2347516
2344551
2350096
2126257
2347097
2343783
2346417
2341975
2346188
2340316
2346293
2335617
1913533
2345379
2345793
2345863
2347439
2342931
2338331
2346881
2342530
2345255
2344116
2349564
2349548
2343838
2346788
2343042
1965897
2141768
2044973
2345116
2338553
2343953
2347893
2347515
2337383
2347533
2341030
2338785
2342896
2338147
2350080
2345819
2319368
2355110
2198111
2343499
2349067
2146657
1958564
2348482
2338148
2343291
2345863
2347204
2342347
1995270
2072150
2344400
2184035
2345762
2342836
2347043
2343376
2341233
2340959
2343679
2349311
2348379
2348888
2340726
2343704
1926878
2349585
2343908
2340417
2346214
2344412
2012373
2342988
2346075
1911878
2346628
2347887
2344416
2347703
1905663
2350783
2342213
2346403
2347202
2345858
2357561
2341147
2219838
2346499
2346742
2343362
2349983
2338130
2343799
2342768
2338661
2102422
2344259
2176938
2345417
2146009
2342057
1924498
2348536
2343159
2347615
2344799
2347003
2345995
2091655
2348040
2344309
2346216
2346638
2341796
2344587
2338071
2191923
2347616
2346128
2346278
2083228
2343963
2341048
2343404
2344913
2347476
2347509
2097010
2346650
2344230
2343588
2184165
2193389
1929883
2342183
2348140
2344036
2342043
1931953
2337501
2335206
1942025
2265879
2345400
1905144
2350122
2347162
2338092
1995979
2340982
2345454
2187648
2341131
2346898
2231424
2341378
2348861
2350314
2338818
2343253
1986617
2346750
2347249
2349054
2113168
2324510
2347912
2344967
2342097
2346740
1935719
1937375
2291137
2348031
2342898
2339365
2338775
2346016
2345755
2077738
2346865
2340187
2340925
1985691
2341151
2340438
2334822
2344855
2341171
2333181
2338471
2346936
2349129
2350309
2352006
2302246
2341422
1959362
2342203
2324893
2345469
2345656
2338166
2253906
2346433
2345673
2349213
2145914
2347204
1902473
2340980
2342520
2267911
2347086
2344598
2350170
2323369
2341147
2345243
2345817
2207828
2348662
2067699
2348091
2347221
2346207
2346995
2346520
2346213
2338206
2343765
2338183
2345684
1958135
2345454
2344182
2343324
2222467
2334591
2345986
2156311
2349253
2344532
2348038
1958000
2345680
2339777
1929538
2353486
2319907
1916613
2337748
2217059
1970243
2348278
2346142
2346809
2056949
2346871
2350978
2072244
2342608
2347085
2353303
2345653
2344069
2340184
2055676
2339198
1930930
2334203
2337366
2346411
2348435
2347255
2347573
2342749
1918451
2345781
1922685
2348489
2339637
1957941
2340559
2339971
2341975
2345923
2347040
2344880
1927217
2347955
2345823
2349020
2351585
1989387
2147954
1933120
2078294
2343106
2343221
2339804
2346981
2345869
2344351
2350836
2346253
2342623
2349567
2347524
2346473
2317875
2273390
2346709
1965853
2344953
2008107
2350664
2347746
2343465
2053213
2347554
1925266
2344721
2343609
2347100
2344716
2153474
2339839
2343900
2344483
2227298
2331285
2338735
1966603
2340933
2349354
2346743
2345876
2077981
2339831
2345753
2022499
2337661
1929205
2345980
2326020
2349857
2343849
2346107
2162250
2347733
2353052
2346677
2345942
2343253
2347833
2347638
2288985
2344237
2347644
2346838
2342833
2348823
1987090
2349569
2340565
2347806
2065384
2347556
2340570
1921065
2344878
2346753
1957983
2342991
2342753
2345985
2353426
2346855
2349985
2346623
2014433
2341055
2060300
2337692
2340019
2342148
2339535
2342642
2032452
2349924
2264678
2345916
2050938
2196071
2343790
2341861
2333120
2343767
2342290
2257632
2350216
2344540
2347761
1997474
2304211
2347755
2217294
2343064
2349656
2346347
2346643
2351609
2340634
2349120
2345872
2025924
2215181
2345197
2352200
2348544
1918904
2349007
2162412
2340952
2060441
2340015
2346751
2345845
2341891
2348492
2005571
2063108
2349185
1916243
2349226
2337167
2343922
2348400
2072032
2346445
2344291
2346283
2350614
2346935
2345958
2347280
2197658
2338529
2343318
2346307
2340750
2338369
2347052
2347733
2347055
2339610
2346683
2120593
2181807
1939812
2345415
2352374
2151689
2343350
1935396
2348259
2346664
2340538
2344350
2342752
2352300
2339428
2343488
2347025
2347695
2185685
2344889
2347516
2347952
2354582
1899261
2339020
2352032
2338578
2347616
2344483
2351618
2349322
2341284
2336805
2347110
2347841
2057992
2346904
2339710
2343175
2347767
2341269
2346065
2347527
2048945
2301732
2269736
2339374
1942926
2352726
1943606
2340083
2342535
2350793
2346434
2342456
1929360
2221423
2344463
1949264
2347909
1959773
2347944
2348847
2162031
2344761
2346938
2347855
2346074
2338911
2340505
2337994
2345613
2347576
2347843
2154480
2097417
2343590
1932747
2346993
2343336
2345447
2348629
2347516
2148948
2339161
1987613
2346026
2343427
2340352
2340871
1943477
2345892
2346623
2157813
2344249
2343552
2345540
2342903
2343613
2341216
1930172
2342928
2345829
2218057
2346996
2346801
2339108
2348871
2328949
2341828
2344467
2347894
2344945
2338405
2346131
2342256
2335173
2347291
2341304
2335493
2341619
2345272
2349716
2340815
2344916
2202036
2346266
2347989
2345795
2345296
2349400
2340754
2170252
2347060
2340544
2051652
2255919
2340844
2336460
2350446
2346254
2346049
1939662
2049996
1921102
2341790
2354266
2344127
2347648
2341679
2349677
2347305
2337452
2342793
2347680
2053079
2051308
2336859
2053414
2348404
2343826
2350738
2348446
2340783
2222116
2346129
1911112
1922612
2345828
2245576
2349736
2124050
2222444
2340762
2350078
2220198
2340749
2346837
2347863
2275493
2342497
2346533
2350683
2349809
2343095
2342954
2341650
2331114
2342796
2342637
2345500
2349294
1974053
2346703
2342575
2345491
2344690
1958732
2347109
2337106
2348332
1902406
2213308
2344565
2344154
2347768
2343640
2338755
2082699
2349011
2344797
1988326
2345292
2349427
2325186
1919343
2341879
1931695
2345746
2068625
2179855
2342282
2346953
1921601
2272398
2337000
2069075
2344765
1913432
2168364
2141613
2345580
2346422
2341529
2347062
2341613
2343719
1953351
2338450
2344399
2347289
2221297
2224834
2343740
2344610
2088321
2318328
2346995
2348454
1987746
1962907
1932993
2167688
2346871
2338758
2345923
2343729
2062600
2332609
2346898
2345576
2344614
2344658
2307183
2343547
2340707
2343095
2339188
2346244
2339356
2346328
2340440
2232275
2349627
2342322
2347837
2344044
2348652
2341405
2346403
2143584
2349022
2346166
1924773
2346641
2345643
2338602
2070928
2327422
2349233
2349091
2338027
2342744
2344063
2350359
1968162
2336893
2347354
2344577
2213948
2340483
2346170
2348360
1999964
2343514
2346165
1965206
2343430
2348570
2057337
2337994
1909230
2242874
2263270
2345850
2346133
2341693
2351965
2346380
2348488
2339899
2215457
2338078
2347679
1925779
2343694
2347670
2349184
2349242
2338410
2348706
2348897
2198322
2345270
2342790
1927458
1990678
2349574
2337324
2341287
2108760
2167454
2336819
2339061
2342645
2342200
2351073
2346207
2340150
2347276
2347301
2339754
2344706
2344261
2058649
2055360
2347682
2351812
2339698
2346793
2337426
2342207
2338869
2346555
2289262
2340855
2340552
2062721
2340118
2175834
2342541
2350502
2345760
2262035
2350167
2344418
1970842
2350023
2348049
2340026
2341309
2154493
2284915
2338452
2347498
2340386
2345336
2067082
2345482
2346385
2344567
2335835
2335806
2346848
2341162
2338382
2344290
2352045
2089696
2084589
2346449
2348352
2063769
2338372
1981602
2343014
2337656
2348905
2344901
1990944
2342540
2155121
2345458
2348743
2112533
1989438
2342371
2346407
2345209
2348800
2342312
2236886
2341752
2342937
2346205
2347976
2349218
2094801
2348636
2342427
2337545
2348307
2143401
2344413
1924053
2349097
2347428
2261326
2338013
2048937
2336760
2349592
2346874
2347172
2346644
2080868
2352837
2347613
2348618
2350088
2349027
2344329
2342664
2342440
2347496
2348272
2351222
2338283
2339261
2347304
2276203
2347653
2217479
2345536
2248144
2345913
2347538
2345997
2343364
2345747
2347437
2346796
2223525
1903514
2341539
2344260
2339897
2289279
2344905
2344349
2339116
2345041
2348252
2340892
2350200
2343906
2345407
2341957
1930466
2343149
2344415
1942507
2347783
2346313
2343749
2141171
2217566
2345854
2345862
2347808
2214235
2343269
2078875
2346644
2345377
2344277
2340549
2342797
2345075
2349751
2343815
2339081
2346232
1931772
2348284
2041195
2347233
2349258
2340529
2345070
2328382
1924908
2339531
2097931
2063759
2341796
2337489
2333248
2275452
2348167
2348579
2337323
2338566
2342219
2350098
2346077
2337312
2054320
2344574
2068747
2340301
2350510
2347547
2341365
2339277
2346754
2352890
2349588
2273612
2335024
2275438
2274752
2350054
2347168
2344807
2347769
2345688
2062007
2064594
2214064
2347837
2332070
2340078
2345713
2346354
1904035
2338927
1925878
1961338
2341531
2347783
2346353
2346703
2339278
2337921
2346111
1964896
2003046
2346136
2350034
2346377
2342109
2323570
1906087
2353094
2342003
2145466
2350929
2070439
2345007
2346628
2220008
2333750
2346385
2345850
1911202
2347734
2340534
2337901
2343312
2340440
2349244
2342343
1962073
2162001
2348345
2346660
2346121
2345208
2347383
2347590
2347883
2350135
2347269
2348285
2339854
2338090
2348244
2332775
2344746
2347833
2349199
2345369
2356280
2350528
2347672
2221552
2150268
2072110
2346272
2345577
2340609
2346100
2342163
2079432
2347037
2338255
2345250
2340887
2220193
2343366
2054932
2352733
2345684
2347025
2347342
2342268
2344962
2348946
2346630
2349488
2180101
2345922
2348459
2348968
2347346
2349438
1927696
2346769
2345290
2346061
2349137
1931470
2345887
2340458
2341820
2347777
1923685
2325637
2353310
2351038
2339034
2339384
2345894
2344229
2346117
2339515
2345695
2350118
2347439
2346184
2345663
2227471
2347246
2148080
2341829
2346299
2339733
2347961
2341280
2342712
2346532
2336151
2343911
2347852
2348872
2344452
2338398
2346195
2344793
2159382
2339300
2341062
1904134
1923673
2345986
2187078
1971601
2344371
2340414
2104489
2340258
2346232
2343147
2343668
2344886
2341546
2339774
2135621
2347483
2345987
2340744
1932453
2347911
2349413
2068669
2350523
2342590
2345848
1995890
2345524
2345815
2161226
1910560
2350686
2348152
2340453
2343163
2346438
1922791
2346949
2341848
2353435
2343396
2350039
2343140
2224501
2347720
2257324
2099578
2345699
2346495
2342605
1938196
2347876
2350881
2346176
2343398
2345098
2348452
2214934
2345196
2343709
2344428
2343950
2350973
2340622
1915350
2337819
2339557
1991606
2337885
2346879
2341764
2342822
2346463
2342970
1910596
2340759
2052145
2271071
1968276
2350293
2345850
2338859
2332208
2351309
2175279
2343978
2341976
2094340
2352196
2347306
2022406
2279136
2348112
2143023
2340956
1898705
2167660
2057517
2219298
1972810
2347654
2063980
2348034
2158583
2349534
2349133
1984096
1964312
1911036
2340212
2222984
2343966
1924733
2346951
2342571
2343218
1990935
2005360
2348116
2348587
2350108
2344169
2339297
2346849
2343821
2223256
2340802
2344396
2341442
2344976
2345791
2342998
2026003
2346576
1992443
2342055
2350324
2343988
2341152
2348387
1925676
2337602
2348451
2342579
2347747
2227465
2150032
2346640
2344868
2344738
2345980
2344915
2346528
1939806
2340421
2340557
2345649
2345181
2341128
2340163
2345727
2347157
2345871
2342279
2342474
2344105
1915206
2340166
2345926
2350284
2344264
2344507
2341869
2351678
2343046
2339125
2341483
1900634
1940850
2344377
2344883
2222270
2349962
2341298
2343647
2342261
1926865
2341904
2346287
2333430
2346058
2341384
2350216
2344467
2343554
2346865
2346933
2345351
2351534
2173887
2342542
2343608
2292228
2347562
2346348
2346993
2143801
2049429
2343082
2339543
2344392
2172462
2338971
2347260
2346182
2343685
1926253
2346162
2352650
2347714
2349995
1976339
2345988
2340413
2350347
2338605
2061175
2350180
2339431
2348923
2184550
2345979
2354971
2346387
2183980
2344530
2339876
2339114
2097488
2341054
2351266
2328648
2348528
2346603
1908760
2347286
2350587
2343487
2345900
2349783
2342602
2341211
2348990
2347098
2341342
2348512
2060285
2347561
2345861
2346087
2221221
2347439
2335393
2346655
2340374
2346621
1983271
2346272
2346533
2347701
2269446
2342098
2344317
2348636
2310496
2344657
2089669
2344675
2339189
2144365
2341267
2340953
2344793
2336055
2336379
2344279
2347643
2330144
1943580
2191894
2347141
2347325
2347479
2348788
2348168
2345903
2345139
2345348
1933582
2187361
2098967
2344415
2345295
1935457
2340053
2070370
2339515
2337978
2340421
2240080
2078076
2348929
1926985
2350326
2349973
1979808
1910955
1904517
1958533
2348840
2352058
2055897
2348218
1911013
2345976
2349632
2020567
2347490
1945856
2343581
2055954
2338779
2346660
2339558
1907649
1971032
2073267
2350476
2337489
2006190
2321371
2347769
2340929
2055668
2346272
2350476
2348449
2346290
2339200
2346420
2346747
1929187
2354468
1926391
2339882
2216265
2347218
1903007
2341401
2148075
2346171
2352707
2347428
2346004
2340081
2337263
1898595
1914200
2208882
2227414
2073024
2349303
2341148
2334245
2350703
2339779
2342869
2188525
2347834
2345100
2346769
2341708
2339788
2351227
2343446
2347437
2083799
2345707
2342803
1911209
1929602
2344771
2346409
2340198
2348790
2341111
2345095
1930670
2347405
2351977
1922534
2348105
2322430
1995506
2339845
2350914
2347363
2347841
2343040
1929384
2345295
2162592
2028049
2191385
2349034
2347416
2340118
1990162
2338439
2097376
2022835
2341152
2341444
2336562
2347710
2352681
2334696
2340827
2346111
2343526
2344603
2342044
2346678
2343286
2335048
2351279
2346932
2339747
2051244
2004090
2260303
2345933
2076691
2346820
2341440
2338668
2346469
2343666
2347555
2345284
2348744
2336876
2340676
1921604
1942527
2346202
2348282
2347766
2036078
2346045
2092606
2347072
2348639
2182921
2343357
2093355
2346780
2339237
2346651
2343545
2348840
2339010
1995994
2332575
2341692
2344927
2265119
2343458
2350868
2338223
2349567
2103005
2338672
2344962
2342563
2347788
2343058
2346135
2345712
2067548
2344113
2338624
2352110
2346475
1966191
2346413
2058606
2347863
2345668
2348887
2342687
1936566
2350138
2351175
2346958
2347015
2340590
2347761
2343237
2344548
2081694
2343809
2339974
2344063
1962612
2348250
2071619
2344370
2350270
2343245
1931734
2348394
2346173
2345981
2341477
2345411
2342129
2343530
2051977
2346390
2341265
2343227
2346912
2339612
2351423
2339804
2112688
2187086
2345883
1953922
2346219
2343273
2202508
2069572
2348671
2099927
2346780
2348541
1925229
2336742
2344407
1932588
1909655
2348430
2311515
2344105
2347817
2232248
2303645
2343895
2345266
2250877
2351716
2347422
2182506
2351050
2346918
2349755
2344107
1995877
1914442
2346826
2337980
2340792
2351793
2261267
2343506
2053310
2345507
2348927
2344583
2268457
2345900
2340458
2343309
2344761
2345762
2342339
2345343
2346773
2338817
2345724
2349986
1956870
2346098
2260495
1983703
2080970
2272118
2346992
2347593
2108064
2346261
2346575
2342856
2333234
2344785
2352710
2224517
2344035
2161185
1946219
2349836
1928202
2344454
2346221
2079865
2343255
2341231
2338149
2342928
2343428
2346479
2347521
2352455
2341317
2345074
2347464
2344784
1928153
2346165
2339244
2341730
2340240
2351347
2347486
1917841
2342212
2341078
2346873
2336920
2342970
2344866
2346055
2349170
2348483
2341646
2189442
2347628
1911926
2342150
2075170
2346104
2348597
2343878
1927714
2343327
2339307
2056618
2347083
2342720
1953734
2347120
2343441
2345483
2342237
2343835
2345764
2347696
2338898
2339165
2345033
2343053
2343361
2346938
2357218
2338032
2342631
2065303
2344982
2347769
1929008
2349653
2083846
2345453
2334498
2315770
2343913
2346081
2343403
2341645
2221685
2349243
2347145
2348335
2347682
1987199
2346482
2343639
2346698
2341740
2346506
2345382
2346130
2344663
2343930
2347426
2345743
2346782
2346650
1923326
2346058
2344886
2343563
2345488
2346519
2072093
2349568
1924151
1959720
2343303
1930600
2345494
2346466
2346930
2349354
2327492
2092402
2343935
2344907
2082859
2345629
2346864
2339511
2343312
2093147
2342534
2337892
2343309
2343248
2343631
1944225
2347449
2346705
2076165
1997745
2154679
2345755
2346876
2345723
2262653
2345245
2345434
2350440
2346092
1986391
1944791
2342900
2351273
2345563
2347908
2017589
1933026
2057427
2348810
2340709
2340415
1969214
2285200
2346884
2346971
2345983
2337746
2344109
2348457
1995864
2340590
1994064
2349090
2347913
2147625
2339091
2345865
2344445
2341023
2347419
2340210
2348784
2183100
1902546
2357561
2341907
2347521
2058150
2340922
2347122
2338213
2342744
2342061
2347731
2188741
2346797
1902385
2347696
2338640
2350489
2140418
2348005
2316690
2082541
2137114
2342371
1927005
2345834
2349822
2337962
1927069
2345270
2345098
2345687
1966294
2349506
2346303
2347782
2158197
2348535
2346171
2347847
2347243
1909195
2341658
2337327
1949281
2349260
1939368
2342430
2346473
2060147
2342538
2284045
2341093
2344655
2108563
1986921
2337313
2162838
2340745
1982874
2342552
2339653
2338642
2347808
2307260
2079562
2101952
2345852
1969641
2187259
1914459
2348864
2341618
2344720
2346790
2345904
2005419
2344158
2338959
2339160
2346692
2158134
2342790
2080565
2342458
2346669
2345196
2340700
2337798
2342186
2350749
2352886
2101873
2346043
2340834
1939178
2345729
2340291
2345433
2345541
2347763
1918005
2057613
2219747
2339243
1941588
2058206
2348623
2148884
2342152
2347179
2325061
2347326
1909804
2343480
2189784
2141008
1984678
2189668
2348030
2346335
2345772
2347062
2348529
2353317
2320844
2351094
2158801
2344726
2346007
2344924
2349739
2349369
2183809
2058791
2348020
2143285
2012769
2182881
2348692
2346366
2349226
2067590
2343130
2346940
2269467
2340677
2341505
2065188
2350279
2256785
2347522
1957387
2347696
2072855
2347327
2348832
2346180
2302297
2345763
2345902
2262678
2343172
2342731
2344254
2097681
2347698
2346938
2253202
2345932
2301146
2346885
2342238
2346445
1913695
2339077
2334146
2161889
2341773
2341907
2337847
2349104
1908118
2341045
1922856
2353129
2344466
2100119
2350182
2220030
2341249
2054429
2346366
2347805
2341951
2343939
2126931
2346495
2345557
2346016
2340729
1899764
2346539
2062989
2339506
2344610
1946148
2349833
2348300
2349924
2345414
2340870
2346125
2345786
2349186
2351767
2344575
2356548
2340247
2185250
2346975
1915675
2343474
2345891
2098659
1920896
2349199
2344984
2351685
2348280
2087093
1967054
2073435
2347528
2197377
2346183
2347929
2316025
2346264
2260258
2105720
2344379
2346174
1983463
2348299
1967606
2338990
2342278
2340802
2324878
2341546
2106565
1928007
1965740
2074158
2343069
2065318
1944779
2347176
2346646
2346274
2014328
2343416
1937279
2348267
2346130
2352024
1946746
2338984
2068839
2347569
1958265
2347120
2337870
2144493
2344155
2045493
1919968
2351559
2344346
2345051
2340532
2347930
2344158
2146170
2345315
2340238
2347469
2347931
2347207
2346221
2342390
2346605
2345919
2346668
2341358
2179013
2345538
2341343
2337865
2095534
1923767
2224226
2346145
2344927
2349982
1969566
2343034
2345172
1944341
2347863
2348924
2346960
2350485
2342164
2348447
1931102
2347021
2342005
2341921
2349028
2342525
2339715
2342577
2352153
2351517
2346627
2348125
2350028
2347011
2099442
2344686
2340392
1938067
2345460
2339218
2344536
1969545
1939785
2345397
2345090
2347612
2346950
2345437
2349488
2348198
2189297
2346428
2346195
2342501
2344421
2062637
2348477
2341736
2339349
2342872
2346302
2349193
1938118
2349361
2342398
2093866
1992995
2347916
2346982
2351912
1925090
1931568
2342720
2279386
2348737
2061722
2347231
2192261
2336721
2275274
2177920
2344806
2346312
2122843
2348826
2139354
2336247
2077656
2345253
1919055
2064944
2024801
2343633
2336771
2347358
2347219
2347550
2345459
2106831
2341919
2337091
2347289
2345904
2342965
2347050
2347567
2341174
2343109
2347610
2288767
2342824
2348909
2347476
2343704
1927986
2345159
2308207
2346562
1968935
2349284
2347445
2346155
2336617
2345261
2347452
2349826
2057202
2347893
2340283
2345191
2347472
2338810
1960297
2350309
2345868
2065104
2338198
2345815
2344346
2341571
2346578
2063644
2338304
2101250
2344492
1987585
2348713
2350035
1901846
1932830
2345079
2310395
2340284
2344359
2347673
2065162
2349598
2326609
2345924
2345754
2340745
1964054
1931315
2345436
2058469
2344647
2340505
2338620
2345949
2065979
2164388
2341972
2262732
2345887
2346196
2345469
2170099
2345242
2336600
2347393
2049954
2182989
2349649
1906949
2343490
1976897
2347193
2346786
2347253
2348215
2066261
2340184
2347089
1933210
2055842
2344491
1910016
2345883
2337684
2346584
2346814
1963242
2106389
2339932
2344151
2347131
2345735
2343714
2343324
2350142
2340263
2185175
2340813
2343772
2339973
2347782
2351569
2342618
2343289
2198882
2340904
2343107
2343446
2348097
2072118
2338999
2191178
2346199
2339613
2348616
2346404
1959801
2345763
2346394
2347910
2345829
2342253
2346328
2351663
2083429
2346087
2328386
2348622
2347366
1941863
2336817
1978141
2340726
2342580
2346592
1962169
2344299
2339369
2345306
2075777
2342225
2030907
2342256
1968294
2339825
2347482
1988531
2348504
2344368
1960762
2346381
2342186
2348136
2346454
2344208
2345660
2169808
2346696
2337163
2344763
1910078
2266410
1969552
2152873
2300864
2343726
2345926
2348634
2345191
2345808
2346894
2335243
2180845
1968971
2332991
2347661
2346854
2161213
2339202
2218437
1898372
2312312
2345674
2101514
2340667
2347447
2350645
1912963
2076404
2348413
2346795
1964024
2142487
2346188
2340990
2347305
2346854
1985339
2345646
2351124
2282854
2345227
2338761
2342116
2346536
2346066
2343294
2340130
2347159
2346854
2306133
2343264
2347365
2063774
2133427
1910430
2336747
2078266
2066130
2342578
2340713
2343772
2345282
2345539
2149448
2057211
2233954
2348371
2346449
2055628
1922662
1966340
2334579
2348161
2341252
2215767
2347136
2339587
2342914
2059384
2072070
2344773
2345385
2346982
2336860
2070375
2347136
2344045
2344833
1992784
2057170
2338670
2314357
1929753
1901763
2346119
2344902
2217268
2338536
2346356
2346499
2346308
1914676
2352426
2347916
1927627
2342592
2241805
2340612
2331339
2346682
2339712
2347484
2345829
2346690
2345060
2348306
2349607
2345821
2342621
2329995
2345886
2348096
2343090
2183531
2343527
2337033
2118229
1929828
2101285
1891160
2341849
2342399
2346426
2333972
2348890
2343404
2337510
2222884
2345571
2342753
2273400
2349379
2341082
2348952
2347704
2345791
2340202
2017028
1917828
2110083
2340082
2069169
2350303
2347835
2347487
2349172
2342181
2343501
2224234
2331812
2343868
2064536
2044340
2339658
2346472
2347751
2349654
2053488
2345312
1904887
2336870
2340408
2347020
2343427
2349251
2346500
2350909
2344941
2341030
2343242
2344107
2343242
2337856
2080834
2340212
2255539
2348017
2354001
2220586
2340000
2204978
2347468
2341725
1924905
2348976
2094840
2348172
2347928
2348212
2312592
1907244
2349142
2093049
2345926
2345871
2344308
1904736
2341135
2344045
2339462
2338609
2347673
1940451
1982115
2338836
2341329
1958928
2181845
2349026
2349964
2341835
2348221
2348708
2343465
2131562
2184456
2063450
1911752
2152323
2340363
2350587
2349361
2342062
2351239
2196828
2345776
2345364
2347563
2342691
2346533
2342819
2296401
2349371
2348214
2340954
2333387
1895345
2344152
2350617
2347893
2352619
2343872
2140607
2336366
2223376
1911231
2006664
2314558
2336824
1955503
2349682
1909934
2310324
1975188
2343460
2344636
2331985
1945333
2338921
2351049
1943849
2338136
2348314
2342008
2353834
2347203
2347799
2343944
2341105
2229255
2346773
2115450
2337162
2346417
2344730
2343278
2339782
2350233
2346029
2288458
2349595
2347937
2059863
2333852
2345931
2347833
1920584
2346013
2345480
2004557
2349742
2339017
1920678
2339978
2345436
2106844
2340542
2070753
2350493
2341696
1927329
2348150
1908611
1899944
2342146
2349234
2348040
2060382
2343445
2340751
1955348
2344886
2347863
2345741
2340654
2341276
2344142
2347112
2338259
2341808
2347437
2347963
2340290
2184458
2082455
2348435
2344128
2343448
2345871
2347377
2348515
2107389
2340176
2349037
1994534
1903417
2341343
2351483
2070804
2324778
2349748
2343815
2346594
1910966
2349004
1937298
2341109
2344651
1992582
2348270
2349774
2017168
2252880
2348784
1984237
2348768
2342048
2338286
2347658
2095996
2343724
2344540
2348742
2051998
2347783
2339429
2347586
2347440
2131946
2336838
2339128
2342386
2248450
2349090
1959017
2345418
2337054
2307577
2346287
2349891
2258088
2346170
2350110
2345285
2341429
2225320
2152588
2346958
2349129
2337813
2347856
2332366
2347362
2347289
2350535
2346318
2348935
2349875
2349263
2343580
2178713
2154624
2345737
2337937
1924480
2341097
2069575
2345566
1983785
2340543
2345773
2345802
2135525
2350060
2345839
2350270
2347390
2344870
2345287
2337238
2346641
2342910
2344815
2347384
2349388
2342561
2344443
2348964
2346457
2348828
2347871
2343874
2346220
2340964
2057597
2057608
2306520
2347761
2345667
2076436
2346378
2349762
2340808
2267246
2344572
2338754
1926981
2345700
2064448
2036622
2347737
2343978
2342635
2221039
2346480
2346816
2346044
2047717
2337129
2348368
2339649
2346301
2346885
2346476
2347440
2341768
2350892
2080059
2339407
2341662
2346955
2259201
2347398
2349874
2348134
2347765
2344123
2336396
2348116
2336067
2158720
2341381
2345908
2346393
1985977
2352615
2074163
1962496
2343058
2347043
2339971
2353439
2017986
2340133
2150946
2307970
2344074
2345840
2099239
2067877
2344032
2347263
2343616
2346330
2342854
2348539
2339856
2347218
2346231
2350200
2340197
2344001
2341132
2169222
2347488
2346895
1911922
2347685
2345992
2348649
1918820
1994359
2214550
2344669
2347994
2334589
2348187
2348463
2340206
2341908
2346288
1994950
2349818
2347618
2340008
2342946
2348022
2347300
2341853
2341190
2346553
2349604
2348391
2346205
2346619
1918564
2139627
2348162
2346263
2346029
2297947
2345138
2343582
2094845
1942756
2345541
2339676
1929385
2139441
2349252
2340548
2344816
2344785
2338730
2166117
1901124
2344787
2348678
2346773
2339495
2349179
2343949
2349164
1967107
2093992
2345873
2349055
2338765
2347470
2343095
2345138
2349861
2337564
2348795
2340667
2346370
2346309
2346817
2345875
2349344
2350008
2272374
2341559
2348122
2074511
2349106
2349922
2163605
1985720
2348222
2341488
2345890
2344991
2163516
2337937
2349633
2338427
1942911
2055823
2341779
1907305
2342007
2266309
2355894
2341931
2342076
2342234
2341015
2347804
2347436
2345551
2346171
2333417
2344017
2230986
2345990
2347437
2331925
2341577
2338973
2341394
2216673
2345615
2334267
2345357
2339820
2348154
2347468
2348702
2340656
2348467
2221926
2159073
2346701
2336846
2344516
2352432
2133179
2341631
2337036
1998647
2349635
2341683
1930077
2346924
2346059
1901959
2340246
2347847
2346043
2070659
2343059
2345378
2144897
2350087
2345737
2338058
2348831
2342966
2347883
2350052
2339434
2343088
2347643
2346185
2341122
2345964
2237034
2338350
2347099
2344094
2033569
2064034
2343928
2353394
2346140
2345868
2338923
2005590
2350173
2345943
2344264
2345139
2343331
2345067
2346756
1991069
2348694
2339860
2341668
2345721
2347669
2345617
1966187
2348713
2349620
2343688
2346162
2348157
1983750
2117113
2346626
2342711
2313961
2346292
2343703
2344499
2346348
2346979
2346418
2340137
2334032
2350653
2348404
2337930
2344659
2146944
2344604
2346869
2344858
2345864
2343725
2340397
2343990
2341497
2348332
2342948
2352091
1907509
2344215
2346654
2342196
2345140
2347054
2349964
2345530
1966611
2345737
2347054
2344813
2340473
2341840
1926720
1924788
2346929
2064458
2343473
2339565
1919766
2336157
2343187
2130753
2344711
2353737
1954750
2049856
2345711
2341589
2347021
2348330
2346723
2345265
2345924
2345866
2347757
2343241
2055498
2345936
2342379
2344543
1931153
2342704
2346721
2343326
2343119
1967022
2344890
2348245
2347006
2348551
2059042
2344185
2349444
2349848
2333450
2215842
2349317
2347199
2342043
2346820
2347677
2306751
2352621
2349051
2342901
2348479
2340208
2343806
2093026
2199267
1963777
1901300
2349400
2346574
2344867
2344863
1903665
2348576
2347374
2349070
2269147
2349307
2346845
2346667
1897156
2346140
2339153
2341550
2339451
2341921
2345425
2318745
2219479
2345931
1979963
2341772
2091493
2341069
1964492
2347453
2348815
2335758
2349809
2346108
2340351
2311434
2340199
2347629
2347642
1897339
2347982
2346814
2343010
2340263
2339411
2352492
2343824
2131184
2339443
2347527
2341899
2346121
2348496
2347036
2339066
2346624
2339370
2345715
2339107
2346951
2340941
2340954
2346166
2218123
2345562
2061370
1956663
2347761
2345730
1925303
2346440
2169199
2285912
2346017
2310588
1911288
2348116
2339278
2347402
2344620
2066893
2086654
2338847
2343225
1903827
1967275
2343472
2346404
2156066
2344373
2344788
2349601
2347556
2295499
2344625
2348221
2346345
2344942
2348323
2353162
2339914
2336933
2341090
1928411
2346305
2345173
2332314
2347942
1899392
1925220
2330510
2346160
2346636
2345590
2345487
2339873
2160232
2348903
1927206
2346933
2082309
2342023
2082788
2345054
2104508
2346523
2350008
2350443
2346846
2167206
2341164
